  [1m[35m (105.5ms)[0m  [1m[35mCREATE TABLE "schema_migrations" ("version" character varying PRIMARY KEY)[0m
  [1m[35m (79.7ms)[0m  [1m[35mCREATE TABLE "ar_internal_metadata" ("key" character varying PRIMARY KEY, "value" character varying, "created_at" timestamp NOT NULL, "updated_at" timestamp NOT NULL)[0m
  [1m[35m (0.4ms)[0m  [1m[34mSELECT pg_try_advisory_lock(330149078357928060);[0m
  [1m[36mActiveRecord::SchemaMigration Load (1.2ms)[0m  [1m[34mSELECT "schema_migrations".* FROM "schema_migrations"[0m
Migrating to CreatePurchaseOrders (20170426015149)
  [1m[35m (0.4ms)[0m  [1m[35mBEGIN[0m
  [1m[35m (107.2ms)[0m  [1m[35mCREATE TABLE "purchase_orders" ("id" serial primary key, "orderId" character varying, "channel" character varying, "supplier" character varying, "client" character varying, "Sku" character varying, "quantity" integer, "dispatchedQuantity" integer, "unitPrice" integer, "deadline" timestamp, "state" character varying, "rejectionCause" character varying, "CancellationCause" character varying, "notes" character varying, "billId" character varying, "created_at" timestamp NOT NULL, "updated_at" timestamp NOT NULL)[0m
  [1m[35mSQL (1.3ms)[0m  [1m[32mINSERT INTO "schema_migrations" ("version") VALUES ($1) RETURNING "version"[0m  [["version", "20170426015149"]]
  [1m[35m (7.9ms)[0m  [1m[35mCOMMIT[0m
Migrating to CreateBills (20170426015658)
  [1m[35m (0.8ms)[0m  [1m[35mBEGIN[0m
  [1m[35m (92.9ms)[0m  [1m[35mCREATE TABLE "bills" ("id" serial primary key, "supplier" character varying, "client" character varying, "grossValue" integer, "iva" integer, "totalValue" integer, "paymentStatus" character varying, "pushaseOrderId" character varying, "paymentDeadline" timestamp, "rejectionCause" character varying, "CancellationCause" character varying, "created_at" timestamp NOT NULL, "updated_at" timestamp NOT NULL)[0m
  [1m[35mSQL (0.9ms)[0m  [1m[32mINSERT INTO "schema_migrations" ("version") VALUES ($1) RETURNING "version"[0m  [["version", "20170426015658"]]
  [1m[35m (14.8ms)[0m  [1m[35mCOMMIT[0m
Migrating to CreateProducts (20170426015843)
  [1m[35m (0.5ms)[0m  [1m[35mBEGIN[0m
  [1m[35m (0.2ms)[0m  [1m[31mROLLBACK[0m
  [1m[35m (0.7ms)[0m  [1m[34mSELECT pg_advisory_unlock(330149078357928060)[0m
  [1m[35m (0.4ms)[0m  [1m[34mSELECT pg_try_advisory_lock(330149078357928060);[0m
  [1m[36mActiveRecord::SchemaMigration Load (0.9ms)[0m  [1m[34mSELECT "schema_migrations".* FROM "schema_migrations"[0m
Migrating to CreateProducts (20170426015843)
  [1m[35m (0.3ms)[0m  [1m[35mBEGIN[0m
  [1m[35m (0.2ms)[0m  [1m[31mROLLBACK[0m
  [1m[35m (0.4ms)[0m  [1m[34mSELECT pg_advisory_unlock(330149078357928060)[0m
  [1m[35m (0.2ms)[0m  [1m[34mSELECT pg_try_advisory_lock(330149078357928060);[0m
  [1m[36mActiveRecord::SchemaMigration Load (0.9ms)[0m  [1m[34mSELECT "schema_migrations".* FROM "schema_migrations"[0m
Migrating to CreateProducts (20170426015843)
  [1m[35m (0.3ms)[0m  [1m[35mBEGIN[0m
  [1m[35m (0.2ms)[0m  [1m[31mROLLBACK[0m
  [1m[35m (0.6ms)[0m  [1m[34mSELECT pg_advisory_unlock(330149078357928060)[0m
  [1m[35m (0.3ms)[0m  [1m[34mSELECT pg_try_advisory_lock(330149078357928060);[0m
  [1m[36mActiveRecord::SchemaMigration Load (1.0ms)[0m  [1m[34mSELECT "schema_migrations".* FROM "schema_migrations"[0m
Migrating to CreateProducts (20170426015843)
  [1m[35m (0.3ms)[0m  [1m[35mBEGIN[0m
  [1m[35m (0.3ms)[0m  [1m[31mROLLBACK[0m
  [1m[35m (2.3ms)[0m  [1m[34mSELECT pg_advisory_unlock(330149078357928060)[0m
  [1m[35m (0.6ms)[0m  [1m[34mSELECT pg_try_advisory_lock(330149078357928060);[0m
  [1m[36mActiveRecord::SchemaMigration Load (1.2ms)[0m  [1m[34mSELECT "schema_migrations".* FROM "schema_migrations"[0m
Migrating to CreateProducts (20170426015843)
  [1m[35m (0.3ms)[0m  [1m[35mBEGIN[0m
  [1m[35m (0.3ms)[0m  [1m[31mROLLBACK[0m
  [1m[35m (0.7ms)[0m  [1m[34mSELECT pg_advisory_unlock(330149078357928060)[0m
  [1m[35m (0.4ms)[0m  [1m[34mSELECT pg_try_advisory_lock(330149078357928060);[0m
  [1m[36mActiveRecord::SchemaMigration Load (1.2ms)[0m  [1m[34mSELECT "schema_migrations".* FROM "schema_migrations"[0m
Migrating to CreateProducts (20170426015843)
  [1m[35m (0.4ms)[0m  [1m[35mBEGIN[0m
  [1m[35m (0.2ms)[0m  [1m[31mROLLBACK[0m
  [1m[35m (0.4ms)[0m  [1m[34mSELECT pg_advisory_unlock(330149078357928060)[0m
  [1m[35m (0.2ms)[0m  [1m[34mSELECT pg_try_advisory_lock(330149078357928060);[0m
  [1m[36mActiveRecord::SchemaMigration Load (0.9ms)[0m  [1m[34mSELECT "schema_migrations".* FROM "schema_migrations"[0m
Migrating to CreateProducts (20170426015843)
  [1m[35m (0.2ms)[0m  [1m[35mBEGIN[0m
  [1m[35m (64.6ms)[0m  [1m[35mCREATE TABLE "products" ("id" serial primary key, "sku" character varying, "storeHouseId" character varying, "cost" decimal, "name" character varying, "created_at" timestamp NOT NULL, "updated_at" timestamp NOT NULL)[0m
  [1m[35mSQL (0.8ms)[0m  [1m[32mINSERT INTO "schema_migrations" ("version") VALUES ($1) RETURNING "version"[0m  [["version", "20170426015843"]]
  [1m[35m (9.0ms)[0m  [1m[35mCOMMIT[0m
Migrating to CreateStoreHouses (20170426015956)
  [1m[35m (0.4ms)[0m  [1m[35mBEGIN[0m
  [1m[35m (0.3ms)[0m  [1m[31mROLLBACK[0m
  [1m[35m (0.5ms)[0m  [1m[34mSELECT pg_advisory_unlock(330149078357928060)[0m
  [1m[35m (0.3ms)[0m  [1m[34mSELECT pg_try_advisory_lock(330149078357928060);[0m
  [1m[36mActiveRecord::SchemaMigration Load (0.9ms)[0m  [1m[34mSELECT "schema_migrations".* FROM "schema_migrations"[0m
Migrating to CreateStoreHouses (20170426015956)
  [1m[35m (0.2ms)[0m  [1m[35mBEGIN[0m
  [1m[35m (0.2ms)[0m  [1m[31mROLLBACK[0m
  [1m[35m (0.4ms)[0m  [1m[34mSELECT pg_advisory_unlock(330149078357928060)[0m
  [1m[35m (0.3ms)[0m  [1m[34mSELECT pg_try_advisory_lock(330149078357928060);[0m
  [1m[36mActiveRecord::SchemaMigration Load (1.0ms)[0m  [1m[34mSELECT "schema_migrations".* FROM "schema_migrations"[0m
Migrating to CreateStoreHouses (20170426015956)
  [1m[35m (0.3ms)[0m  [1m[35mBEGIN[0m
  [1m[35m (48.7ms)[0m  [1m[35mCREATE TABLE "store_houses" ("id" serial primary key, "usedSpace" integer, "totalSpace" integer, "reception" boolean, "dispatch" boolean, "external" boolean, "created_at" timestamp NOT NULL, "updated_at" timestamp NOT NULL)[0m
  [1m[35mSQL (0.9ms)[0m  [1m[32mINSERT INTO "schema_migrations" ("version") VALUES ($1) RETURNING "version"[0m  [["version", "20170426015956"]]
  [1m[35m (15.6ms)[0m  [1m[35mCOMMIT[0m
Migrating to CreateTransactions (20170426021231)
  [1m[35m (0.3ms)[0m  [1m[35mBEGIN[0m
  [1m[35m (65.4ms)[0m  [1m[35mCREATE TABLE "transactions" ("id" serial primary key, "originAcount" character varying, "destinationAcount" character varying, "amount" decimal, "created_at" timestamp NOT NULL, "updated_at" timestamp NOT NULL)[0m
  [1m[35mSQL (0.8ms)[0m  [1m[32mINSERT INTO "schema_migrations" ("version") VALUES ($1) RETURNING "version"[0m  [["version", "20170426021231"]]
  [1m[35m (6.1ms)[0m  [1m[35mCOMMIT[0m
Migrating to CreateBalances (20170426021302)
  [1m[35m (0.4ms)[0m  [1m[35mBEGIN[0m
  [1m[35m (65.2ms)[0m  [1m[35mCREATE TABLE "balances" ("id" serial primary key, "acount" character varying, "amount" decimal, "created_at" timestamp NOT NULL, "updated_at" timestamp NOT NULL)[0m
  [1m[35mSQL (0.8ms)[0m  [1m[32mINSERT INTO "schema_migrations" ("version") VALUES ($1) RETURNING "version"[0m  [["version", "20170426021302"]]
  [1m[35m (16.0ms)[0m  [1m[35mCOMMIT[0m
  [1m[36mActiveRecord::InternalMetadata Load (1.2ms)[0m  [1m[34mSELECT  "ar_internal_metadata".* FROM "ar_internal_metadata" WHERE "ar_internal_metadata"."key" = $1 LIMIT $2[0m  [["key", :environment], ["LIMIT", 1]]
  [1m[35m (0.3ms)[0m  [1m[35mBEGIN[0m
  [1m[35mSQL (0.9ms)[0m  [1m[32mINSERT INTO "ar_internal_metadata" ("key", "value", "created_at", "updated_at") VALUES ($1, $2, $3, $4) RETURNING "key"[0m  [["key", "environment"], ["value", "development"], ["created_at", 2017-04-26 13:48:04 UTC], ["updated_at", 2017-04-26 13:48:04 UTC]]
  [1m[35m (3.6ms)[0m  [1m[35mCOMMIT[0m
  [1m[35m (0.5ms)[0m  [1m[34mSELECT pg_advisory_unlock(330149078357928060)[0m
  [1m[36mActiveRecord::SchemaMigration Load (0.5ms)[0m  [1m[34mSELECT "schema_migrations".* FROM "schema_migrations"[0m
Started GET "/products" for 127.0.0.1 at 2017-04-26 10:48:55 -0300
  [1m[36mActiveRecord::SchemaMigration Load (0.9ms)[0m  [1m[34mSELECT "schema_migrations".* FROM "schema_migrations"[0m
Processing by ProductsController#index as */*
Completed 200 OK in 15ms (Views: 0.5ms | ActiveRecord: 0.0ms)


Started GET "/products" for 127.0.0.1 at 2017-04-26 11:00:02 -0300
Processing by ProductsController#index as */*
Completed 200 OK in 4ms (Views: 0.2ms | ActiveRecord: 0.0ms)


Started GET "/products" for 127.0.0.1 at 2017-04-26 11:00:51 -0300
Processing by ProductsController#index as */*
Completed 200 OK in 4ms (Views: 0.2ms | ActiveRecord: 0.0ms)


Started GET "/products" for 127.0.0.1 at 2017-04-26 11:01:10 -0300
Processing by ProductsController#index as */*
Completed 200 OK in 4ms (Views: 0.2ms | ActiveRecord: 0.0ms)


Started GET "/products" for 127.0.0.1 at 2017-04-26 11:01:11 -0300
Processing by ProductsController#index as */*
Completed 200 OK in 1ms (Views: 0.2ms | ActiveRecord: 0.0ms)


Started GET "/products" for 127.0.0.1 at 2017-04-26 11:01:12 -0300
Processing by ProductsController#index as */*
Completed 200 OK in 1ms (Views: 0.2ms | ActiveRecord: 0.0ms)


Started GET "/products" for 127.0.0.1 at 2017-04-26 11:10:31 -0300
Processing by ProductsController#index as */*
Completed 200 OK in 4ms (Views: 0.2ms | ActiveRecord: 0.0ms)


Started POST "/purchase_order" for 127.0.0.1 at 2017-04-26 13:43:19 -0300
  [1m[36mActiveRecord::SchemaMigration Load (35.3ms)[0m  [1m[34mSELECT "schema_migrations".* FROM "schema_migrations"[0m
  
ActionController::RoutingError (No route matches [POST] "/purchase_order"):
  
actionpack (5.0.2) lib/action_dispatch/middleware/debug_exceptions.rb:53:in `call'
actionpack (5.0.2) lib/action_dispatch/middleware/show_exceptions.rb:31:in `call'
railties (5.0.2) lib/rails/rack/logger.rb:36:in `call_app'
railties (5.0.2) lib/rails/rack/logger.rb:24:in `block in call'
activesupport (5.0.2) lib/active_support/tagged_logging.rb:69:in `block in tagged'
activesupport (5.0.2) lib/active_support/tagged_logging.rb:26:in `tagged'
activesupport (5.0.2) lib/active_support/tagged_logging.rb:69:in `tagged'
railties (5.0.2) lib/rails/rack/logger.rb:24:in `call'
actionpack (5.0.2) lib/action_dispatch/middleware/request_id.rb:24:in `call'
rack (2.0.1) lib/rack/runtime.rb:22:in `call'
activesupport (5.0.2) lib/active_support/cache/strategy/local_cache_middleware.rb:28:in `call'
actionpack (5.0.2) lib/action_dispatch/middleware/executor.rb:12:in `call'
actionpack (5.0.2) lib/action_dispatch/middleware/static.rb:136:in `call'
rack (2.0.1) lib/rack/sendfile.rb:111:in `call'
railties (5.0.2) lib/rails/engine.rb:522:in `call'
puma (3.8.2) lib/puma/configuration.rb:224:in `call'
puma (3.8.2) lib/puma/server.rb:600:in `handle_request'
puma (3.8.2) lib/puma/server.rb:435:in `process_client'
puma (3.8.2) lib/puma/server.rb:299:in `block in run'
puma (3.8.2) lib/puma/thread_pool.rb:120:in `block in spawn_thread'
Started POST "/purchaseOrder" for 127.0.0.1 at 2017-04-26 13:43:35 -0300
  
ActionController::RoutingError (No route matches [POST] "/purchaseOrder"):
  
actionpack (5.0.2) lib/action_dispatch/middleware/debug_exceptions.rb:53:in `call'
actionpack (5.0.2) lib/action_dispatch/middleware/show_exceptions.rb:31:in `call'
railties (5.0.2) lib/rails/rack/logger.rb:36:in `call_app'
railties (5.0.2) lib/rails/rack/logger.rb:24:in `block in call'
activesupport (5.0.2) lib/active_support/tagged_logging.rb:69:in `block in tagged'
activesupport (5.0.2) lib/active_support/tagged_logging.rb:26:in `tagged'
activesupport (5.0.2) lib/active_support/tagged_logging.rb:69:in `tagged'
railties (5.0.2) lib/rails/rack/logger.rb:24:in `call'
actionpack (5.0.2) lib/action_dispatch/middleware/request_id.rb:24:in `call'
rack (2.0.1) lib/rack/runtime.rb:22:in `call'
activesupport (5.0.2) lib/active_support/cache/strategy/local_cache_middleware.rb:28:in `call'
actionpack (5.0.2) lib/action_dispatch/middleware/executor.rb:12:in `call'
actionpack (5.0.2) lib/action_dispatch/middleware/static.rb:136:in `call'
rack (2.0.1) lib/rack/sendfile.rb:111:in `call'
railties (5.0.2) lib/rails/engine.rb:522:in `call'
puma (3.8.2) lib/puma/configuration.rb:224:in `call'
puma (3.8.2) lib/puma/server.rb:600:in `handle_request'
puma (3.8.2) lib/puma/server.rb:435:in `process_client'
puma (3.8.2) lib/puma/server.rb:299:in `block in run'
puma (3.8.2) lib/puma/thread_pool.rb:120:in `block in spawn_thread'
Started POST "/purchase_orders" for 127.0.0.1 at 2017-04-26 13:43:59 -0300
Processing by PurchaseOrdersController#create as */*
  Parameters: {"purchase_order"=>{}}
Completed 400 Bad Request in 1ms (ActiveRecord: 55.4ms)


  
ActionController::ParameterMissing (param is missing or the value is empty: purchase_order):
  
app/controllers/purchase_orders_controller.rb:48:in `purchase_order_params'
app/controllers/purchase_orders_controller.rb:17:in `create'
Started POST "/purchase_orders" for 127.0.0.1 at 2017-04-26 13:49:32 -0300
Error occurred while parsing request parameters.
Contents:

{"orderId": 1
"channel": "b2b"
"supplier": "grupo 1"
"client": "grupo 2"
"Sku": "atf1233" 
"quantity": 2
"dispatchedQuantity": "0"
"unitPrice": 3000
"Deadline": 17/10/2017
"state": "Acepted"
"Notes": "In progress" 
"billId": 2
}

  
ActionDispatch::ParamsParser::ParseError (822: unexpected token at '{"orderId": 1
"channel": "b2b"
"supplier": "grupo 1"
"client": "grupo 2"
"Sku": "atf1233" 
"quantity": 2
"dispatchedQuantity": "0"
"unitPrice": 3000
"Deadline": 17/10/2017
"state": "Acepted"
"Notes": "In progress" 
"billId": 2
}
'):
  
actionpack (5.0.2) lib/action_dispatch/http/parameters.rb:88:in `rescue in parse_formatted_parameters'
actionpack (5.0.2) lib/action_dispatch/http/parameters.rb:82:in `parse_formatted_parameters'
actionpack (5.0.2) lib/action_dispatch/http/request.rb:354:in `block in POST'
rack (2.0.1) lib/rack/request.rb:57:in `fetch'
rack (2.0.1) lib/rack/request.rb:57:in `fetch_header'
actionpack (5.0.2) lib/action_dispatch/http/request.rb:353:in `POST'
actionpack (5.0.2) lib/action_controller/metal/params_wrapper.rb:282:in `_wrapper_enabled?'
actionpack (5.0.2) lib/action_controller/metal/params_wrapper.rb:231:in `process_action'
activerecord (5.0.2) lib/active_record/railties/controller_runtime.rb:18:in `process_action'
actionpack (5.0.2) lib/abstract_controller/base.rb:126:in `process'
actionview (5.0.2) lib/action_view/rendering.rb:30:in `process'
actionpack (5.0.2) lib/action_controller/metal.rb:190:in `dispatch'
actionpack (5.0.2) lib/action_controller/metal.rb:262:in `dispatch'
actionpack (5.0.2) lib/action_dispatch/routing/route_set.rb:50:in `dispatch'
actionpack (5.0.2) lib/action_dispatch/routing/route_set.rb:32:in `serve'
actionpack (5.0.2) lib/action_dispatch/journey/router.rb:39:in `block in serve'
actionpack (5.0.2) lib/action_dispatch/journey/router.rb:26:in `each'
actionpack (5.0.2) lib/action_dispatch/journey/router.rb:26:in `serve'
actionpack (5.0.2) lib/action_dispatch/routing/route_set.rb:725:in `call'
rack (2.0.1) lib/rack/etag.rb:25:in `call'
rack (2.0.1) lib/rack/conditional_get.rb:38:in `call'
rack (2.0.1) lib/rack/head.rb:12:in `call'
activerecord (5.0.2) lib/active_record/migration.rb:553:in `call'
actionpack (5.0.2) lib/action_dispatch/middleware/callbacks.rb:38:in `block in call'
activesupport (5.0.2) lib/active_support/callbacks.rb:97:in `__run_callbacks__'
activesupport (5.0.2) lib/active_support/callbacks.rb:750:in `_run_call_callbacks'
activesupport (5.0.2) lib/active_support/callbacks.rb:90:in `run_callbacks'
actionpack (5.0.2) lib/action_dispatch/middleware/callbacks.rb:36:in `call'
actionpack (5.0.2) lib/action_dispatch/middleware/executor.rb:12:in `call'
actionpack (5.0.2) lib/action_dispatch/middleware/remote_ip.rb:79:in `call'
actionpack (5.0.2) lib/action_dispatch/middleware/debug_exceptions.rb:49:in `call'
actionpack (5.0.2) lib/action_dispatch/middleware/show_exceptions.rb:31:in `call'
railties (5.0.2) lib/rails/rack/logger.rb:36:in `call_app'
railties (5.0.2) lib/rails/rack/logger.rb:24:in `block in call'
activesupport (5.0.2) lib/active_support/tagged_logging.rb:69:in `block in tagged'
activesupport (5.0.2) lib/active_support/tagged_logging.rb:26:in `tagged'
activesupport (5.0.2) lib/active_support/tagged_logging.rb:69:in `tagged'
railties (5.0.2) lib/rails/rack/logger.rb:24:in `call'
actionpack (5.0.2) lib/action_dispatch/middleware/request_id.rb:24:in `call'
rack (2.0.1) lib/rack/runtime.rb:22:in `call'
activesupport (5.0.2) lib/active_support/cache/strategy/local_cache_middleware.rb:28:in `call'
actionpack (5.0.2) lib/action_dispatch/middleware/executor.rb:12:in `call'
actionpack (5.0.2) lib/action_dispatch/middleware/static.rb:136:in `call'
rack (2.0.1) lib/rack/sendfile.rb:111:in `call'
railties (5.0.2) lib/rails/engine.rb:522:in `call'
puma (3.8.2) lib/puma/configuration.rb:224:in `call'
puma (3.8.2) lib/puma/server.rb:600:in `handle_request'
puma (3.8.2) lib/puma/server.rb:435:in `process_client'
puma (3.8.2) lib/puma/server.rb:299:in `block in run'
puma (3.8.2) lib/puma/thread_pool.rb:120:in `block in spawn_thread'
Started POST "/purchase_orders" for 127.0.0.1 at 2017-04-26 13:49:54 -0300
Error occurred while parsing request parameters.
Contents:

{
	"orderId": 1
"channel": "b2b"
"supplier": "grupo 1"
"client": "grupo 2"
"Sku": "atf1233" 
"quantity": 2
"dispatchedQuantity": "0"
"unitPrice": 3000
"Deadline": 17/10/2017
"state": "Acepted"
"Notes": "In progress" 
"billId": "sck2"
}

  
ActionDispatch::ParamsParser::ParseError (822: unexpected token at '{
	"orderId": 1
"channel": "b2b"
"supplier": "grupo 1"
"client": "grupo 2"
"Sku": "atf1233" 
"quantity": 2
"dispatchedQuantity": "0"
"unitPrice": 3000
"Deadline": 17/10/2017
"state": "Acepted"
"Notes": "In progress" 
"billId": "sck2"
}
'):
  
actionpack (5.0.2) lib/action_dispatch/http/parameters.rb:88:in `rescue in parse_formatted_parameters'
actionpack (5.0.2) lib/action_dispatch/http/parameters.rb:82:in `parse_formatted_parameters'
actionpack (5.0.2) lib/action_dispatch/http/request.rb:354:in `block in POST'
rack (2.0.1) lib/rack/request.rb:57:in `fetch'
rack (2.0.1) lib/rack/request.rb:57:in `fetch_header'
actionpack (5.0.2) lib/action_dispatch/http/request.rb:353:in `POST'
actionpack (5.0.2) lib/action_controller/metal/params_wrapper.rb:282:in `_wrapper_enabled?'
actionpack (5.0.2) lib/action_controller/metal/params_wrapper.rb:231:in `process_action'
activerecord (5.0.2) lib/active_record/railties/controller_runtime.rb:18:in `process_action'
actionpack (5.0.2) lib/abstract_controller/base.rb:126:in `process'
actionview (5.0.2) lib/action_view/rendering.rb:30:in `process'
actionpack (5.0.2) lib/action_controller/metal.rb:190:in `dispatch'
actionpack (5.0.2) lib/action_controller/metal.rb:262:in `dispatch'
actionpack (5.0.2) lib/action_dispatch/routing/route_set.rb:50:in `dispatch'
actionpack (5.0.2) lib/action_dispatch/routing/route_set.rb:32:in `serve'
actionpack (5.0.2) lib/action_dispatch/journey/router.rb:39:in `block in serve'
actionpack (5.0.2) lib/action_dispatch/journey/router.rb:26:in `each'
actionpack (5.0.2) lib/action_dispatch/journey/router.rb:26:in `serve'
actionpack (5.0.2) lib/action_dispatch/routing/route_set.rb:725:in `call'
rack (2.0.1) lib/rack/etag.rb:25:in `call'
rack (2.0.1) lib/rack/conditional_get.rb:38:in `call'
rack (2.0.1) lib/rack/head.rb:12:in `call'
activerecord (5.0.2) lib/active_record/migration.rb:553:in `call'
actionpack (5.0.2) lib/action_dispatch/middleware/callbacks.rb:38:in `block in call'
activesupport (5.0.2) lib/active_support/callbacks.rb:97:in `__run_callbacks__'
activesupport (5.0.2) lib/active_support/callbacks.rb:750:in `_run_call_callbacks'
activesupport (5.0.2) lib/active_support/callbacks.rb:90:in `run_callbacks'
actionpack (5.0.2) lib/action_dispatch/middleware/callbacks.rb:36:in `call'
actionpack (5.0.2) lib/action_dispatch/middleware/executor.rb:12:in `call'
actionpack (5.0.2) lib/action_dispatch/middleware/remote_ip.rb:79:in `call'
actionpack (5.0.2) lib/action_dispatch/middleware/debug_exceptions.rb:49:in `call'
actionpack (5.0.2) lib/action_dispatch/middleware/show_exceptions.rb:31:in `call'
railties (5.0.2) lib/rails/rack/logger.rb:36:in `call_app'
railties (5.0.2) lib/rails/rack/logger.rb:24:in `block in call'
activesupport (5.0.2) lib/active_support/tagged_logging.rb:69:in `block in tagged'
activesupport (5.0.2) lib/active_support/tagged_logging.rb:26:in `tagged'
activesupport (5.0.2) lib/active_support/tagged_logging.rb:69:in `tagged'
railties (5.0.2) lib/rails/rack/logger.rb:24:in `call'
actionpack (5.0.2) lib/action_dispatch/middleware/request_id.rb:24:in `call'
rack (2.0.1) lib/rack/runtime.rb:22:in `call'
activesupport (5.0.2) lib/active_support/cache/strategy/local_cache_middleware.rb:28:in `call'
actionpack (5.0.2) lib/action_dispatch/middleware/executor.rb:12:in `call'
actionpack (5.0.2) lib/action_dispatch/middleware/static.rb:136:in `call'
rack (2.0.1) lib/rack/sendfile.rb:111:in `call'
railties (5.0.2) lib/rails/engine.rb:522:in `call'
puma (3.8.2) lib/puma/configuration.rb:224:in `call'
puma (3.8.2) lib/puma/server.rb:600:in `handle_request'
puma (3.8.2) lib/puma/server.rb:435:in `process_client'
puma (3.8.2) lib/puma/server.rb:299:in `block in run'
puma (3.8.2) lib/puma/thread_pool.rb:120:in `block in spawn_thread'
Started POST "/purchase_orders" for 127.0.0.1 at 2017-04-26 13:50:20 -0300
Error occurred while parsing request parameters.
Contents:

{
	"orderId": 1
"channel": "b2b"
"supplier": "grupo 1"
"client": "grupo 2"
"sku": "atf1233" 
"quantity": 2
"dispatchedQuantity": "0"
"unitPrice": 3000
"Deadline": 17/10/2017
"state": "Acepted"
"Notes": "In progress" 
"billId": "sck2"
}

  
ActionDispatch::ParamsParser::ParseError (822: unexpected token at '{
	"orderId": 1
"channel": "b2b"
"supplier": "grupo 1"
"client": "grupo 2"
"sku": "atf1233" 
"quantity": 2
"dispatchedQuantity": "0"
"unitPrice": 3000
"Deadline": 17/10/2017
"state": "Acepted"
"Notes": "In progress" 
"billId": "sck2"
}
'):
  
actionpack (5.0.2) lib/action_dispatch/http/parameters.rb:88:in `rescue in parse_formatted_parameters'
actionpack (5.0.2) lib/action_dispatch/http/parameters.rb:82:in `parse_formatted_parameters'
actionpack (5.0.2) lib/action_dispatch/http/request.rb:354:in `block in POST'
rack (2.0.1) lib/rack/request.rb:57:in `fetch'
rack (2.0.1) lib/rack/request.rb:57:in `fetch_header'
actionpack (5.0.2) lib/action_dispatch/http/request.rb:353:in `POST'
actionpack (5.0.2) lib/action_controller/metal/params_wrapper.rb:282:in `_wrapper_enabled?'
actionpack (5.0.2) lib/action_controller/metal/params_wrapper.rb:231:in `process_action'
activerecord (5.0.2) lib/active_record/railties/controller_runtime.rb:18:in `process_action'
actionpack (5.0.2) lib/abstract_controller/base.rb:126:in `process'
actionview (5.0.2) lib/action_view/rendering.rb:30:in `process'
actionpack (5.0.2) lib/action_controller/metal.rb:190:in `dispatch'
actionpack (5.0.2) lib/action_controller/metal.rb:262:in `dispatch'
actionpack (5.0.2) lib/action_dispatch/routing/route_set.rb:50:in `dispatch'
actionpack (5.0.2) lib/action_dispatch/routing/route_set.rb:32:in `serve'
actionpack (5.0.2) lib/action_dispatch/journey/router.rb:39:in `block in serve'
actionpack (5.0.2) lib/action_dispatch/journey/router.rb:26:in `each'
actionpack (5.0.2) lib/action_dispatch/journey/router.rb:26:in `serve'
actionpack (5.0.2) lib/action_dispatch/routing/route_set.rb:725:in `call'
rack (2.0.1) lib/rack/etag.rb:25:in `call'
rack (2.0.1) lib/rack/conditional_get.rb:38:in `call'
rack (2.0.1) lib/rack/head.rb:12:in `call'
activerecord (5.0.2) lib/active_record/migration.rb:553:in `call'
actionpack (5.0.2) lib/action_dispatch/middleware/callbacks.rb:38:in `block in call'
activesupport (5.0.2) lib/active_support/callbacks.rb:97:in `__run_callbacks__'
activesupport (5.0.2) lib/active_support/callbacks.rb:750:in `_run_call_callbacks'
activesupport (5.0.2) lib/active_support/callbacks.rb:90:in `run_callbacks'
actionpack (5.0.2) lib/action_dispatch/middleware/callbacks.rb:36:in `call'
actionpack (5.0.2) lib/action_dispatch/middleware/executor.rb:12:in `call'
actionpack (5.0.2) lib/action_dispatch/middleware/remote_ip.rb:79:in `call'
actionpack (5.0.2) lib/action_dispatch/middleware/debug_exceptions.rb:49:in `call'
actionpack (5.0.2) lib/action_dispatch/middleware/show_exceptions.rb:31:in `call'
railties (5.0.2) lib/rails/rack/logger.rb:36:in `call_app'
railties (5.0.2) lib/rails/rack/logger.rb:24:in `block in call'
activesupport (5.0.2) lib/active_support/tagged_logging.rb:69:in `block in tagged'
activesupport (5.0.2) lib/active_support/tagged_logging.rb:26:in `tagged'
activesupport (5.0.2) lib/active_support/tagged_logging.rb:69:in `tagged'
railties (5.0.2) lib/rails/rack/logger.rb:24:in `call'
actionpack (5.0.2) lib/action_dispatch/middleware/request_id.rb:24:in `call'
rack (2.0.1) lib/rack/runtime.rb:22:in `call'
activesupport (5.0.2) lib/active_support/cache/strategy/local_cache_middleware.rb:28:in `call'
actionpack (5.0.2) lib/action_dispatch/middleware/executor.rb:12:in `call'
actionpack (5.0.2) lib/action_dispatch/middleware/static.rb:136:in `call'
rack (2.0.1) lib/rack/sendfile.rb:111:in `call'
railties (5.0.2) lib/rails/engine.rb:522:in `call'
puma (3.8.2) lib/puma/configuration.rb:224:in `call'
puma (3.8.2) lib/puma/server.rb:600:in `handle_request'
puma (3.8.2) lib/puma/server.rb:435:in `process_client'
puma (3.8.2) lib/puma/server.rb:299:in `block in run'
puma (3.8.2) lib/puma/thread_pool.rb:120:in `block in spawn_thread'
Started POST "/purchase_orders" for 127.0.0.1 at 2017-04-26 13:50:42 -0300
Error occurred while parsing request parameters.
Contents:

{
"orderId": "qsda1"
"channel": "b2b"
"supplier": "grupo 1"
"client": "grupo 2"
"sku": "atf1233" 
"quantity": 2
"dispatchedQuantity": "0"
"unitPrice": 3000
"Deadline": 17/10/2017
"state": "Acepted"
"Notes": "In progress" 
"billId": "sck2"
}

  
ActionDispatch::ParamsParser::ParseError (822: unexpected token at '{
"orderId": "qsda1"
"channel": "b2b"
"supplier": "grupo 1"
"client": "grupo 2"
"sku": "atf1233" 
"quantity": 2
"dispatchedQuantity": "0"
"unitPrice": 3000
"Deadline": 17/10/2017
"state": "Acepted"
"Notes": "In progress" 
"billId": "sck2"
}
'):
  
actionpack (5.0.2) lib/action_dispatch/http/parameters.rb:88:in `rescue in parse_formatted_parameters'
actionpack (5.0.2) lib/action_dispatch/http/parameters.rb:82:in `parse_formatted_parameters'
actionpack (5.0.2) lib/action_dispatch/http/request.rb:354:in `block in POST'
rack (2.0.1) lib/rack/request.rb:57:in `fetch'
rack (2.0.1) lib/rack/request.rb:57:in `fetch_header'
actionpack (5.0.2) lib/action_dispatch/http/request.rb:353:in `POST'
actionpack (5.0.2) lib/action_controller/metal/params_wrapper.rb:282:in `_wrapper_enabled?'
actionpack (5.0.2) lib/action_controller/metal/params_wrapper.rb:231:in `process_action'
activerecord (5.0.2) lib/active_record/railties/controller_runtime.rb:18:in `process_action'
actionpack (5.0.2) lib/abstract_controller/base.rb:126:in `process'
actionview (5.0.2) lib/action_view/rendering.rb:30:in `process'
actionpack (5.0.2) lib/action_controller/metal.rb:190:in `dispatch'
actionpack (5.0.2) lib/action_controller/metal.rb:262:in `dispatch'
actionpack (5.0.2) lib/action_dispatch/routing/route_set.rb:50:in `dispatch'
actionpack (5.0.2) lib/action_dispatch/routing/route_set.rb:32:in `serve'
actionpack (5.0.2) lib/action_dispatch/journey/router.rb:39:in `block in serve'
actionpack (5.0.2) lib/action_dispatch/journey/router.rb:26:in `each'
actionpack (5.0.2) lib/action_dispatch/journey/router.rb:26:in `serve'
actionpack (5.0.2) lib/action_dispatch/routing/route_set.rb:725:in `call'
rack (2.0.1) lib/rack/etag.rb:25:in `call'
rack (2.0.1) lib/rack/conditional_get.rb:38:in `call'
rack (2.0.1) lib/rack/head.rb:12:in `call'
activerecord (5.0.2) lib/active_record/migration.rb:553:in `call'
actionpack (5.0.2) lib/action_dispatch/middleware/callbacks.rb:38:in `block in call'
activesupport (5.0.2) lib/active_support/callbacks.rb:97:in `__run_callbacks__'
activesupport (5.0.2) lib/active_support/callbacks.rb:750:in `_run_call_callbacks'
activesupport (5.0.2) lib/active_support/callbacks.rb:90:in `run_callbacks'
actionpack (5.0.2) lib/action_dispatch/middleware/callbacks.rb:36:in `call'
actionpack (5.0.2) lib/action_dispatch/middleware/executor.rb:12:in `call'
actionpack (5.0.2) lib/action_dispatch/middleware/remote_ip.rb:79:in `call'
actionpack (5.0.2) lib/action_dispatch/middleware/debug_exceptions.rb:49:in `call'
actionpack (5.0.2) lib/action_dispatch/middleware/show_exceptions.rb:31:in `call'
railties (5.0.2) lib/rails/rack/logger.rb:36:in `call_app'
railties (5.0.2) lib/rails/rack/logger.rb:24:in `block in call'
activesupport (5.0.2) lib/active_support/tagged_logging.rb:69:in `block in tagged'
activesupport (5.0.2) lib/active_support/tagged_logging.rb:26:in `tagged'
activesupport (5.0.2) lib/active_support/tagged_logging.rb:69:in `tagged'
railties (5.0.2) lib/rails/rack/logger.rb:24:in `call'
actionpack (5.0.2) lib/action_dispatch/middleware/request_id.rb:24:in `call'
rack (2.0.1) lib/rack/runtime.rb:22:in `call'
activesupport (5.0.2) lib/active_support/cache/strategy/local_cache_middleware.rb:28:in `call'
actionpack (5.0.2) lib/action_dispatch/middleware/executor.rb:12:in `call'
actionpack (5.0.2) lib/action_dispatch/middleware/static.rb:136:in `call'
rack (2.0.1) lib/rack/sendfile.rb:111:in `call'
railties (5.0.2) lib/rails/engine.rb:522:in `call'
puma (3.8.2) lib/puma/configuration.rb:224:in `call'
puma (3.8.2) lib/puma/server.rb:600:in `handle_request'
puma (3.8.2) lib/puma/server.rb:435:in `process_client'
puma (3.8.2) lib/puma/server.rb:299:in `block in run'
puma (3.8.2) lib/puma/thread_pool.rb:120:in `block in spawn_thread'
Started POST "/purchase_orders" for 127.0.0.1 at 2017-04-26 13:52:19 -0300
Processing by PurchaseOrdersController#create as */*
  Parameters: {"orderId"=>"qsda1", "channel"=>"b2b", "supplier"=>"grupo 1", "client"=>"grupo 2", "sku"=>"atf1233", "quantity"=>2, "dispatchedQuantity"=>"0", "unitPrice"=>3000, "Deadline"=>"17 / 10 / 2017", "state"=>"Acepted", "Notes"=>"In progress", "billId"=>"sck2", "purchase_order"=>{"orderId"=>"qsda1", "channel"=>"b2b", "supplier"=>"grupo 1", "client"=>"grupo 2", "quantity"=>2, "dispatchedQuantity"=>"0", "unitPrice"=>3000, "state"=>"Acepted", "billId"=>"sck2"}}
  [1m[35m (0.3ms)[0m  [1m[35mBEGIN[0m
  [1m[35m (0.2ms)[0m  [1m[31mROLLBACK[0m
Completed 500 Internal Server Error in 248ms (ActiveRecord: 203.6ms)


  
NoMethodError (undefined method `sku' for #<PurchaseOrder:0x007f6bac375e78>
Did you mean?  Sku
               Sku?
               Sku=):
  
app/controllers/purchase_orders_controller.rb:19:in `create'
Started POST "/purchase_orders" for 127.0.0.1 at 2017-04-26 13:52:27 -0300
Processing by PurchaseOrdersController#create as */*
  Parameters: {"orderId"=>"qsda1", "channel"=>"b2b", "supplier"=>"grupo 1", "client"=>"grupo 2", "Sku"=>"atf1233", "quantity"=>2, "dispatchedQuantity"=>"0", "unitPrice"=>3000, "Deadline"=>"17 / 10 / 2017", "state"=>"Acepted", "Notes"=>"In progress", "billId"=>"sck2", "purchase_order"=>{"orderId"=>"qsda1", "channel"=>"b2b", "supplier"=>"grupo 1", "client"=>"grupo 2", "Sku"=>"atf1233", "quantity"=>2, "dispatchedQuantity"=>"0", "unitPrice"=>3000, "state"=>"Acepted", "billId"=>"sck2"}}
  [1m[35m (0.2ms)[0m  [1m[35mBEGIN[0m
  [1m[35m (0.2ms)[0m  [1m[31mROLLBACK[0m
Completed 500 Internal Server Error in 16ms (ActiveRecord: 0.4ms)


  
NoMethodError (undefined method `sku' for #<PurchaseOrder:0x00000003a3a360>
Did you mean?  Sku
               Sku?
               Sku=):
  
app/controllers/purchase_orders_controller.rb:19:in `create'
Started POST "/purchase_orders" for 127.0.0.1 at 2017-04-26 13:52:36 -0300
Processing by PurchaseOrdersController#create as */*
  Parameters: {"orderId"=>"qsda1", "channel"=>"b2b", "supplier"=>"grupo 1", "client"=>"grupo 2", "Sku"=>"atf1233", "quantity"=>2, "dispatchedQuantity"=>"0", "unitPrice"=>3000, "Deadline"=>"17 / 10 / 2017", "state"=>"Acepted", "Notes"=>"In progress", "billId"=>"sck2", "purchase_order"=>{"orderId"=>"qsda1", "channel"=>"b2b", "supplier"=>"grupo 1", "client"=>"grupo 2", "Sku"=>"atf1233", "quantity"=>2, "dispatchedQuantity"=>"0", "unitPrice"=>3000, "state"=>"Acepted", "billId"=>"sck2"}}
  [1m[35m (0.3ms)[0m  [1m[35mBEGIN[0m
  [1m[35m (0.2ms)[0m  [1m[31mROLLBACK[0m
Completed 500 Internal Server Error in 16ms (ActiveRecord: 0.4ms)


  
NoMethodError (undefined method `sku' for #<PurchaseOrder:0x007f6bac48f548>
Did you mean?  Sku
               Sku?
               Sku=):
  
app/controllers/purchase_orders_controller.rb:19:in `create'
Started POST "/purchase_orders" for 127.0.0.1 at 2017-04-26 13:53:31 -0300
Processing by PurchaseOrdersController#create as */*
  Parameters: {"orderId"=>"qsda1", "channel"=>"b2b", "supplier"=>"grupo 1", "client"=>"grupo 2", "Sku"=>"atf1233", "quantity"=>2, "dispatchedQuantity"=>"0", "unitPrice"=>3000, "Deadline"=>"17 / 10 / 2017", "state"=>"Acepted", "Notes"=>"In progress", "billId"=>"sck2", "purchase_order"=>{"orderId"=>"qsda1", "channel"=>"b2b", "supplier"=>"grupo 1", "client"=>"grupo 2", "Sku"=>"atf1233", "quantity"=>2, "dispatchedQuantity"=>"0", "unitPrice"=>3000, "state"=>"Acepted", "billId"=>"sck2"}}
  [1m[35m (0.2ms)[0m  [1m[35mBEGIN[0m
  [1m[35m (0.2ms)[0m  [1m[31mROLLBACK[0m
Completed 500 Internal Server Error in 15ms (ActiveRecord: 0.4ms)


  
NoMethodError (undefined method `sku' for #<PurchaseOrder:0x007f6bc001c5b0>
Did you mean?  Sku
               Sku?
               Sku=):
  
app/controllers/purchase_orders_controller.rb:19:in `create'
Started POST "/purchase_orders" for 127.0.0.1 at 2017-04-26 13:54:02 -0300
Processing by PurchaseOrdersController#create as */*
  Parameters: {"orderId"=>"qsda1", "channel"=>"b2b", "supplier"=>"grupo 1", "client"=>"grupo 2", "ssku"=>"atf1233", "quantity"=>2, "dispatchedQuantity"=>"0", "unitPrice"=>3000, "Deadline"=>"17 / 10 / 2017", "state"=>"Acepted", "Notes"=>"In progress", "billId"=>"sck2", "purchase_order"=>{"orderId"=>"qsda1", "channel"=>"b2b", "supplier"=>"grupo 1", "client"=>"grupo 2", "quantity"=>2, "dispatchedQuantity"=>"0", "unitPrice"=>3000, "state"=>"Acepted", "billId"=>"sck2"}}
  [1m[35m (0.2ms)[0m  [1m[35mBEGIN[0m
  [1m[35m (0.2ms)[0m  [1m[31mROLLBACK[0m
Completed 500 Internal Server Error in 16ms (ActiveRecord: 0.4ms)


  
NoMethodError (undefined method `sku' for #<PurchaseOrder:0x007f6bac763fa8>
Did you mean?  Sku
               Sku?
               Sku=):
  
app/controllers/purchase_orders_controller.rb:19:in `create'
Started POST "/purchase_orders" for 127.0.0.1 at 2017-04-26 13:54:10 -0300
Processing by PurchaseOrdersController#create as */*
  Parameters: {"orderId"=>"qsda1", "channel"=>"b2b", "supplier"=>"grupo 1", "client"=>"grupo 2", "ssku"=>"atf1233", "quantity"=>2, "dispatchedQuantity"=>"0", "unitPrice"=>3000, "Deadline"=>"17 / 10 / 2017", "state"=>"Acepted", "Notes"=>"In progress", "billId"=>"sck2", "purchase_order"=>{"orderId"=>"qsda1", "channel"=>"b2b", "supplier"=>"grupo 1", "client"=>"grupo 2", "quantity"=>2, "dispatchedQuantity"=>"0", "unitPrice"=>3000, "state"=>"Acepted", "billId"=>"sck2"}}
  [1m[35m (0.3ms)[0m  [1m[35mBEGIN[0m
  [1m[35m (0.2ms)[0m  [1m[31mROLLBACK[0m
Completed 500 Internal Server Error in 15ms (ActiveRecord: 0.4ms)


  
NoMethodError (undefined method `sku' for #<PurchaseOrder:0x00000003e59c70>
Did you mean?  Sku
               Sku?
               Sku=):
  
app/controllers/purchase_orders_controller.rb:19:in `create'
Started POST "/purchase_orders" for 127.0.0.1 at 2017-04-26 13:54:55 -0300
Processing by PurchaseOrdersController#create as */*
  Parameters: {"orderId"=>"qsda1", "channel"=>"b2b", "supplier"=>"grupo 1", "client"=>"grupo 2", "Sku"=>"atf1233", "quantity"=>2, "dispatchedQuantity"=>"0", "unitPrice"=>3000, "Deadline"=>"17 / 10 / 2017", "state"=>"Acepted", "Notes"=>"In progress", "billId"=>"sck2", "purchase_order"=>{"orderId"=>"qsda1", "channel"=>"b2b", "supplier"=>"grupo 1", "client"=>"grupo 2", "Sku"=>"atf1233", "quantity"=>2, "dispatchedQuantity"=>"0", "unitPrice"=>3000, "state"=>"Acepted", "billId"=>"sck2"}}
  [1m[35m (0.7ms)[0m  [1m[35mBEGIN[0m
  [1m[35m (0.2ms)[0m  [1m[31mROLLBACK[0m
Completed 500 Internal Server Error in 16ms (ActiveRecord: 0.8ms)


  
NoMethodError (undefined method `sku' for #<PurchaseOrder:0x00000001e485d0>
Did you mean?  Sku
               Sku?
               Sku=):
  
app/controllers/purchase_orders_controller.rb:19:in `create'
Started POST "/purchase_orders" for 127.0.0.1 at 2017-04-26 13:55:08 -0300
Processing by PurchaseOrdersController#create as */*
  Parameters: {"orderId"=>"qsda1", "channel"=>"b2b", "supplier"=>"grupo 1", "client"=>"grupo 2", "quantity"=>2, "dispatchedQuantity"=>"0", "unitPrice"=>3000, "Deadline"=>"17 / 10 / 2017", "state"=>"Acepted", "Notes"=>"In progress", "billId"=>"sck2", "purchase_order"=>{"orderId"=>"qsda1", "channel"=>"b2b", "supplier"=>"grupo 1", "client"=>"grupo 2", "quantity"=>2, "dispatchedQuantity"=>"0", "unitPrice"=>3000, "state"=>"Acepted", "billId"=>"sck2"}}
  [1m[35m (0.3ms)[0m  [1m[35mBEGIN[0m
  [1m[35m (0.2ms)[0m  [1m[31mROLLBACK[0m
Completed 500 Internal Server Error in 16ms (ActiveRecord: 0.5ms)


  
NoMethodError (undefined method `sku' for #<PurchaseOrder:0x00000003fc3048>
Did you mean?  Sku
               Sku?
               Sku=):
  
app/controllers/purchase_orders_controller.rb:19:in `create'
Started POST "/purchase_orders" for 127.0.0.1 at 2017-04-26 13:55:45 -0300
Processing by PurchaseOrdersController#create as */*
  Parameters: {"orderId"=>"qsda1", "channel"=>"b2b", "supplier"=>"grupo 1", "client"=>"grupo 2", "Sku"=>"atf1233", "quantity"=>2, "dispatchedQuantity"=>"0", "unitPrice"=>3000, "Deadline"=>"17 / 10 / 2017", "state"=>"Acepted", "Notes"=>"In progress", "billId"=>"sck2", "purchase_order"=>{"orderId"=>"qsda1", "channel"=>"b2b", "supplier"=>"grupo 1", "client"=>"grupo 2", "Sku"=>"atf1233", "quantity"=>2, "dispatchedQuantity"=>"0", "unitPrice"=>3000, "state"=>"Acepted", "billId"=>"sck2"}}
  [1m[35m (0.2ms)[0m  [1m[35mBEGIN[0m
  [1m[35m (0.4ms)[0m  [1m[31mROLLBACK[0m
Completed 422 Unprocessable Entity in 189ms (Views: 0.6ms | ActiveRecord: 8.4ms)


Started POST "/purchase_orders" for 127.0.0.1 at 2017-04-26 13:56:14 -0300
Processing by PurchaseOrdersController#create as */*
  Parameters: {"orderId"=>"qsda1", "channel"=>"b2b", "supplier"=>"grupo 1", "client"=>"grupo 2", "Sku"=>"atf1233", "quantity"=>2, "dispatchedQuantity"=>"0", "unitPrice"=>3000, "Deadline"=>"17 / 10 / 2017", "state"=>"Acepted", "Notes"=>"In progress", "billId"=>"sck2", "purchase_order"=>{"orderId"=>"qsda1", "channel"=>"b2b", "supplier"=>"grupo 1", "client"=>"grupo 2", "Sku"=>"atf1233", "quantity"=>2, "dispatchedQuantity"=>"0", "unitPrice"=>3000, "state"=>"Acepted", "billId"=>"sck2"}}
  [1m[35m (0.2ms)[0m  [1m[35mBEGIN[0m
  [1m[35mSQL (93.4ms)[0m  [1m[32mINSERT INTO "purchase_orders" ("orderId", "channel", "supplier", "client", "Sku", "quantity", "dispatchedQuantity", "unitPrice", "state", "billId", "created_at", "updated_at") VALUES ($1, $2, $3, $4, $5, $6, $7, $8, $9, $10, $11, $12) RETURNING "id"[0m  [["orderId", "qsda1"], ["channel", "b2b"], ["supplier", "grupo 1"], ["client", "grupo 2"], ["Sku", "atf1233"], ["quantity", 2], ["dispatchedQuantity", 0], ["unitPrice", 3000], ["state", "Acepted"], ["billId", "sck2"], ["created_at", 2017-04-26 16:56:15 UTC], ["updated_at", 2017-04-26 16:56:15 UTC]]
  [1m[35m (17.5ms)[0m  [1m[35mCOMMIT[0m
Completed 202 Accepted in 151ms (Views: 3.5ms | ActiveRecord: 111.0ms)


Started POST "/purchase_orders" for 127.0.0.1 at 2017-04-26 13:58:29 -0300
Processing by PurchaseOrdersController#create as */*
  Parameters: {"orderId"=>"qsda1", "channel"=>"b2b", "supplier"=>"grupo 1", "client"=>"grupo 2", "Sku"=>"atf1233", "quantity"=>2, "dispatchedQuantity"=>"0", "unitPrice"=>3000, "Deadline"=>"17 / 10 / 2017", "state"=>"Acepted", "Notes"=>"In progress", "billId"=>"sck2", "purchase_order"=>{"orderId"=>"qsda1", "channel"=>"b2b", "supplier"=>"grupo 1", "client"=>"grupo 2", "Sku"=>"atf1233", "quantity"=>2, "dispatchedQuantity"=>"0", "unitPrice"=>3000, "state"=>"Acepted", "billId"=>"sck2"}}
  [1m[35m (0.3ms)[0m  [1m[35mBEGIN[0m
  [1m[35mSQL (0.9ms)[0m  [1m[32mINSERT INTO "purchase_orders" ("orderId", "channel", "supplier", "client", "Sku", "quantity", "dispatchedQuantity", "unitPrice", "state", "billId", "created_at", "updated_at") VALUES ($1, $2, $3, $4, $5, $6, $7, $8, $9, $10, $11, $12) RETURNING "id"[0m  [["orderId", "qsda1"], ["channel", "b2b"], ["supplier", "grupo 1"], ["client", "grupo 2"], ["Sku", "atf1233"], ["quantity", 2], ["dispatchedQuantity", 0], ["unitPrice", 3000], ["state", "Acepted"], ["billId", "sck2"], ["created_at", 2017-04-26 16:58:29 UTC], ["updated_at", 2017-04-26 16:58:29 UTC]]
  [1m[35m (50.3ms)[0m  [1m[35mCOMMIT[0m
Completed 202 Accepted in 88ms (Views: 2.4ms | ActiveRecord: 51.5ms)


Started POST "/purchase_orders" for 127.0.0.1 at 2017-04-26 14:00:22 -0300
  
SyntaxError (/home/sebastian/Taller de integracion/Taller de Integracion/app/controllers/purchase_orders_controller.rb:20: syntax error, unexpected tIVAR, expecting keyword_end
...", "createdAt":'@purchase_order.createdAt',"channel": "b2b",...
...                               ^):
  
app/controllers/purchase_orders_controller.rb:20: syntax error, unexpected tIVAR, expecting keyword_end
Started POST "/purchase_orders" for 127.0.0.1 at 2017-04-26 14:01:25 -0300
  
SyntaxError (/home/sebastian/Taller de integracion/Taller de Integracion/app/controllers/purchase_orders_controller.rb:20: syntax error, unexpected tIVAR, expecting keyword_end
...", "createdAt":'@purchase_order.createdAt',"channel": "b2b",...
...                               ^):
  
app/controllers/purchase_orders_controller.rb:20: syntax error, unexpected tIVAR, expecting keyword_end
Started POST "/purchase_orders" for 127.0.0.1 at 2017-04-26 14:01:51 -0300
Processing by PurchaseOrdersController#create as */*
  Parameters: {"orderId"=>"qsda1", "channel"=>"b2b", "supplier"=>"grupo 1", "client"=>"grupo 2", "Sku"=>"atf1233", "quantity"=>2, "dispatchedQuantity"=>"0", "unitPrice"=>3000, "Deadline"=>"17 / 10 / 2017", "state"=>"Acepted", "Notes"=>"In progress", "billId"=>"sck2", "purchase_order"=>{"orderId"=>"qsda1", "channel"=>"b2b", "supplier"=>"grupo 1", "client"=>"grupo 2", "Sku"=>"atf1233", "quantity"=>2, "dispatchedQuantity"=>"0", "unitPrice"=>3000, "state"=>"Acepted", "billId"=>"sck2"}}
  [1m[35m (0.3ms)[0m  [1m[35mBEGIN[0m
  [1m[35mSQL (0.7ms)[0m  [1m[32mINSERT INTO "purchase_orders" ("orderId", "channel", "supplier", "client", "Sku", "quantity", "dispatchedQuantity", "unitPrice", "state", "billId", "created_at", "updated_at") VALUES ($1, $2, $3, $4, $5, $6, $7, $8, $9, $10, $11, $12) RETURNING "id"[0m  [["orderId", "qsda1"], ["channel", "b2b"], ["supplier", "grupo 1"], ["client", "grupo 2"], ["Sku", "atf1233"], ["quantity", 2], ["dispatchedQuantity", 0], ["unitPrice", 3000], ["state", "Acepted"], ["billId", "sck2"], ["created_at", 2017-04-26 17:01:51 UTC], ["updated_at", 2017-04-26 17:01:51 UTC]]
  [1m[35m (10.6ms)[0m  [1m[35mCOMMIT[0m
Completed 202 Accepted in 54ms (Views: 1.7ms | ActiveRecord: 19.1ms)


Started POST "/purchase_orders" for 127.0.0.1 at 2017-04-26 14:02:02 -0300
Processing by PurchaseOrdersController#create as */*
  Parameters: {"orderId"=>"qsda1", "channel"=>"b2b", "supplier"=>"grupo 1", "client"=>"grupo 2", "Sku"=>"atf1233", "quantity"=>2, "dispatchedQuantity"=>"0", "unitPrice"=>3000, "Deadline"=>"17 / 10 / 2017", "state"=>"Acepted", "Notes"=>"In progress", "billId"=>"sck2", "purchase_order"=>{"orderId"=>"qsda1", "channel"=>"b2b", "supplier"=>"grupo 1", "client"=>"grupo 2", "Sku"=>"atf1233", "quantity"=>2, "dispatchedQuantity"=>"0", "unitPrice"=>3000, "state"=>"Acepted", "billId"=>"sck2"}}
  [1m[35m (0.2ms)[0m  [1m[35mBEGIN[0m
  [1m[35mSQL (0.7ms)[0m  [1m[32mINSERT INTO "purchase_orders" ("orderId", "channel", "supplier", "client", "Sku", "quantity", "dispatchedQuantity", "unitPrice", "state", "billId", "created_at", "updated_at") VALUES ($1, $2, $3, $4, $5, $6, $7, $8, $9, $10, $11, $12) RETURNING "id"[0m  [["orderId", "qsda1"], ["channel", "b2b"], ["supplier", "grupo 1"], ["client", "grupo 2"], ["Sku", "atf1233"], ["quantity", 2], ["dispatchedQuantity", 0], ["unitPrice", 3000], ["state", "Acepted"], ["billId", "sck2"], ["created_at", 2017-04-26 17:02:02 UTC], ["updated_at", 2017-04-26 17:02:02 UTC]]
  [1m[35m (37.2ms)[0m  [1m[35mCOMMIT[0m
Completed 202 Accepted in 86ms (Views: 1.8ms | ActiveRecord: 38.2ms)


Started POST "/purchase_orders" for 127.0.0.1 at 2017-04-26 14:03:36 -0300
Processing by PurchaseOrdersController#create as */*
  Parameters: {"orderId"=>"qsda1", "channel"=>"b2b", "supplier"=>"grupo 1", "client"=>"grupo 2", "Sku"=>"atf1233", "quantity"=>2, "dispatchedQuantity"=>"0", "unitPrice"=>3000, "Deadline"=>"17 / 10 / 2017", "state"=>"Acepted", "Notes"=>"In progress", "billId"=>"sck2", "purchase_order"=>{"orderId"=>"qsda1", "channel"=>"b2b", "supplier"=>"grupo 1", "client"=>"grupo 2", "Sku"=>"atf1233", "quantity"=>2, "dispatchedQuantity"=>"0", "unitPrice"=>3000, "state"=>"Acepted", "billId"=>"sck2"}}
  [1m[35m (0.2ms)[0m  [1m[35mBEGIN[0m
  [1m[35mSQL (0.7ms)[0m  [1m[32mINSERT INTO "purchase_orders" ("orderId", "channel", "supplier", "client", "Sku", "quantity", "dispatchedQuantity", "unitPrice", "state", "billId", "created_at", "updated_at") VALUES ($1, $2, $3, $4, $5, $6, $7, $8, $9, $10, $11, $12) RETURNING "id"[0m  [["orderId", "qsda1"], ["channel", "b2b"], ["supplier", "grupo 1"], ["client", "grupo 2"], ["Sku", "atf1233"], ["quantity", 2], ["dispatchedQuantity", 0], ["unitPrice", 3000], ["state", "Acepted"], ["billId", "sck2"], ["created_at", 2017-04-26 17:03:36 UTC], ["updated_at", 2017-04-26 17:03:36 UTC]]
  [1m[35m (25.4ms)[0m  [1m[35mCOMMIT[0m
Completed 202 Accepted in 77ms (Views: 4.5ms | ActiveRecord: 26.3ms)


Started POST "/purchase_orders" for 127.0.0.1 at 2017-04-26 14:04:25 -0300
Processing by PurchaseOrdersController#create as */*
  Parameters: {"orderId"=>"qsda1", "channel"=>"b2b", "supplier"=>"grupo 1", "client"=>"grupo 2", "Sku"=>"atf1233", "quantity"=>2, "dispatchedQuantity"=>"0", "unitPrice"=>3000, "Deadline"=>"17 / 10 / 2017", "state"=>"Acepted", "Notes"=>"In progress", "billId"=>"sck2", "purchase_order"=>{"orderId"=>"qsda1", "channel"=>"b2b", "supplier"=>"grupo 1", "client"=>"grupo 2", "Sku"=>"atf1233", "quantity"=>2, "dispatchedQuantity"=>"0", "unitPrice"=>3000, "state"=>"Acepted", "billId"=>"sck2"}}
  [1m[35m (0.3ms)[0m  [1m[35mBEGIN[0m
  [1m[35mSQL (0.7ms)[0m  [1m[32mINSERT INTO "purchase_orders" ("orderId", "channel", "supplier", "client", "Sku", "quantity", "dispatchedQuantity", "unitPrice", "state", "billId", "created_at", "updated_at") VALUES ($1, $2, $3, $4, $5, $6, $7, $8, $9, $10, $11, $12) RETURNING "id"[0m  [["orderId", "qsda1"], ["channel", "b2b"], ["supplier", "grupo 1"], ["client", "grupo 2"], ["Sku", "atf1233"], ["quantity", 2], ["dispatchedQuantity", 0], ["unitPrice", 3000], ["state", "Acepted"], ["billId", "sck2"], ["created_at", 2017-04-26 17:04:25 UTC], ["updated_at", 2017-04-26 17:04:25 UTC]]
  [1m[35m (36.8ms)[0m  [1m[35mCOMMIT[0m
Completed 202 Accepted in 96ms (Views: 1.5ms | ActiveRecord: 37.8ms)


Started POST "/purchase_orders" for 127.0.0.1 at 2017-04-26 14:04:36 -0300
Processing by PurchaseOrdersController#create as */*
  Parameters: {"orderId"=>"qsda1", "channel"=>"b2b", "supplier"=>"grupo 1", "client"=>"grupo 2", "Sku"=>"atf1233", "quantity"=>2, "dispatchedQuantity"=>"0", "unitPrice"=>3000, "Deadline"=>"17 / 10 / 2017", "state"=>"Acepted", "Notes"=>"In progress", "billId"=>"sck2", "purchase_order"=>{"orderId"=>"qsda1", "channel"=>"b2b", "supplier"=>"grupo 1", "client"=>"grupo 2", "Sku"=>"atf1233", "quantity"=>2, "dispatchedQuantity"=>"0", "unitPrice"=>3000, "state"=>"Acepted", "billId"=>"sck2"}}
  [1m[35m (0.3ms)[0m  [1m[35mBEGIN[0m
  [1m[35mSQL (0.7ms)[0m  [1m[32mINSERT INTO "purchase_orders" ("orderId", "channel", "supplier", "client", "Sku", "quantity", "dispatchedQuantity", "unitPrice", "state", "billId", "created_at", "updated_at") VALUES ($1, $2, $3, $4, $5, $6, $7, $8, $9, $10, $11, $12) RETURNING "id"[0m  [["orderId", "qsda1"], ["channel", "b2b"], ["supplier", "grupo 1"], ["client", "grupo 2"], ["Sku", "atf1233"], ["quantity", 2], ["dispatchedQuantity", 0], ["unitPrice", 3000], ["state", "Acepted"], ["billId", "sck2"], ["created_at", 2017-04-26 17:04:36 UTC], ["updated_at", 2017-04-26 17:04:36 UTC]]
  [1m[35m (21.0ms)[0m  [1m[35mCOMMIT[0m
Completed 202 Accepted in 59ms (Views: 1.7ms | ActiveRecord: 22.0ms)


Started POST "/purchase_orders" for 127.0.0.1 at 2017-04-26 14:05:34 -0300
Error occurred while parsing request parameters.
Contents:

{
	"channel": "b2b",
	"supplier": "grupo 1",
	"client": "grupo 2",
	"Sku": "atf1233",
	"quantity": 2,
	"dispatchedQuantity": "0",
	"unitPrice": 3000,
	"Deadline": "17 / 10 / 2017",
}


  
ActionDispatch::ParamsParser::ParseError (822: unexpected token at '{
	"channel": "b2b",
	"supplier": "grupo 1",
	"client": "grupo 2",
	"Sku": "atf1233",
	"quantity": 2,
	"dispatchedQuantity": "0",
	"unitPrice": 3000,
	"Deadline": "17 / 10 / 2017",
}

'):
  
actionpack (5.0.2) lib/action_dispatch/http/parameters.rb:88:in `rescue in parse_formatted_parameters'
actionpack (5.0.2) lib/action_dispatch/http/parameters.rb:82:in `parse_formatted_parameters'
actionpack (5.0.2) lib/action_dispatch/http/request.rb:354:in `block in POST'
rack (2.0.1) lib/rack/request.rb:57:in `fetch'
rack (2.0.1) lib/rack/request.rb:57:in `fetch_header'
actionpack (5.0.2) lib/action_dispatch/http/request.rb:353:in `POST'
actionpack (5.0.2) lib/action_controller/metal/params_wrapper.rb:282:in `_wrapper_enabled?'
actionpack (5.0.2) lib/action_controller/metal/params_wrapper.rb:231:in `process_action'
activerecord (5.0.2) lib/active_record/railties/controller_runtime.rb:18:in `process_action'
actionpack (5.0.2) lib/abstract_controller/base.rb:126:in `process'
actionview (5.0.2) lib/action_view/rendering.rb:30:in `process'
actionpack (5.0.2) lib/action_controller/metal.rb:190:in `dispatch'
actionpack (5.0.2) lib/action_controller/metal.rb:262:in `dispatch'
actionpack (5.0.2) lib/action_dispatch/routing/route_set.rb:50:in `dispatch'
actionpack (5.0.2) lib/action_dispatch/routing/route_set.rb:32:in `serve'
actionpack (5.0.2) lib/action_dispatch/journey/router.rb:39:in `block in serve'
actionpack (5.0.2) lib/action_dispatch/journey/router.rb:26:in `each'
actionpack (5.0.2) lib/action_dispatch/journey/router.rb:26:in `serve'
actionpack (5.0.2) lib/action_dispatch/routing/route_set.rb:725:in `call'
rack (2.0.1) lib/rack/etag.rb:25:in `call'
rack (2.0.1) lib/rack/conditional_get.rb:38:in `call'
rack (2.0.1) lib/rack/head.rb:12:in `call'
activerecord (5.0.2) lib/active_record/migration.rb:553:in `call'
actionpack (5.0.2) lib/action_dispatch/middleware/callbacks.rb:38:in `block in call'
activesupport (5.0.2) lib/active_support/callbacks.rb:97:in `__run_callbacks__'
activesupport (5.0.2) lib/active_support/callbacks.rb:750:in `_run_call_callbacks'
activesupport (5.0.2) lib/active_support/callbacks.rb:90:in `run_callbacks'
actionpack (5.0.2) lib/action_dispatch/middleware/callbacks.rb:36:in `call'
actionpack (5.0.2) lib/action_dispatch/middleware/executor.rb:12:in `call'
actionpack (5.0.2) lib/action_dispatch/middleware/remote_ip.rb:79:in `call'
actionpack (5.0.2) lib/action_dispatch/middleware/debug_exceptions.rb:49:in `call'
actionpack (5.0.2) lib/action_dispatch/middleware/show_exceptions.rb:31:in `call'
railties (5.0.2) lib/rails/rack/logger.rb:36:in `call_app'
railties (5.0.2) lib/rails/rack/logger.rb:24:in `block in call'
activesupport (5.0.2) lib/active_support/tagged_logging.rb:69:in `block in tagged'
activesupport (5.0.2) lib/active_support/tagged_logging.rb:26:in `tagged'
activesupport (5.0.2) lib/active_support/tagged_logging.rb:69:in `tagged'
railties (5.0.2) lib/rails/rack/logger.rb:24:in `call'
actionpack (5.0.2) lib/action_dispatch/middleware/request_id.rb:24:in `call'
rack (2.0.1) lib/rack/runtime.rb:22:in `call'
activesupport (5.0.2) lib/active_support/cache/strategy/local_cache_middleware.rb:28:in `call'
actionpack (5.0.2) lib/action_dispatch/middleware/executor.rb:12:in `call'
actionpack (5.0.2) lib/action_dispatch/middleware/static.rb:136:in `call'
rack (2.0.1) lib/rack/sendfile.rb:111:in `call'
railties (5.0.2) lib/rails/engine.rb:522:in `call'
puma (3.8.2) lib/puma/configuration.rb:224:in `call'
puma (3.8.2) lib/puma/server.rb:600:in `handle_request'
puma (3.8.2) lib/puma/server.rb:435:in `process_client'
puma (3.8.2) lib/puma/server.rb:299:in `block in run'
puma (3.8.2) lib/puma/thread_pool.rb:120:in `block in spawn_thread'
Started POST "/purchase_orders" for 127.0.0.1 at 2017-04-26 14:05:44 -0300
Processing by PurchaseOrdersController#create as */*
  Parameters: {"channel"=>"b2b", "supplier"=>"grupo 1", "client"=>"grupo 2", "Sku"=>"atf1233", "quantity"=>2, "dispatchedQuantity"=>"0", "unitPrice"=>3000, "Deadline"=>"17 / 10 / 2017", "purchase_order"=>{"channel"=>"b2b", "supplier"=>"grupo 1", "client"=>"grupo 2", "Sku"=>"atf1233", "quantity"=>2, "dispatchedQuantity"=>"0", "unitPrice"=>3000}}
  [1m[35m (0.2ms)[0m  [1m[35mBEGIN[0m
  [1m[35m (0.2ms)[0m  [1m[31mROLLBACK[0m
Completed 422 Unprocessable Entity in 6ms (Views: 0.4ms | ActiveRecord: 0.5ms)


Started POST "/purchase_orders" for 127.0.0.1 at 2017-04-26 14:06:24 -0300
Processing by PurchaseOrdersController#create as */*
  Parameters: {"channel"=>"b2b", "supplier"=>"grupo 1", "client"=>"grupo 2", "Sku"=>"atf1233", "quantity"=>2, "unitPrice"=>3000, "Deadline"=>"17 / 10 / 2017", "purchase_order"=>{"channel"=>"b2b", "supplier"=>"grupo 1", "client"=>"grupo 2", "Sku"=>"atf1233", "quantity"=>2, "unitPrice"=>3000}}
  [1m[35m (0.2ms)[0m  [1m[35mBEGIN[0m
  [1m[35mSQL (0.8ms)[0m  [1m[32mINSERT INTO "purchase_orders" ("channel", "supplier", "client", "Sku", "quantity", "unitPrice", "created_at", "updated_at") VALUES ($1, $2, $3, $4, $5, $6, $7, $8) RETURNING "id"[0m  [["channel", "b2b"], ["supplier", "grupo 1"], ["client", "grupo 2"], ["Sku", "atf1233"], ["quantity", 2], ["unitPrice", 3000], ["created_at", 2017-04-26 17:06:24 UTC], ["updated_at", 2017-04-26 17:06:24 UTC]]
  [1m[35m (24.8ms)[0m  [1m[35mCOMMIT[0m
Completed 202 Accepted in 60ms (Views: 1.7ms | ActiveRecord: 25.9ms)


Started POST "/purchase_orders" for 127.0.0.1 at 2017-04-26 14:07:36 -0300
Processing by PurchaseOrdersController#create as */*
  Parameters: {"channel"=>"b2b", "supplier"=>"grupo 1", "client"=>"grupo 2", "Sku"=>"atf1233", "quantity"=>2, "unitPrice"=>3000, "Deadline"=>"17 / 10 / 2017", "purchase_order"=>{"channel"=>"b2b", "supplier"=>"grupo 1", "client"=>"grupo 2", "Sku"=>"atf1233", "quantity"=>2, "unitPrice"=>3000}}
  [1m[35m (0.2ms)[0m  [1m[35mBEGIN[0m
  [1m[35mSQL (0.9ms)[0m  [1m[32mINSERT INTO "purchase_orders" ("channel", "supplier", "client", "Sku", "quantity", "unitPrice", "created_at", "updated_at") VALUES ($1, $2, $3, $4, $5, $6, $7, $8) RETURNING "id"[0m  [["channel", "b2b"], ["supplier", "grupo 1"], ["client", "grupo 2"], ["Sku", "atf1233"], ["quantity", 2], ["unitPrice", 3000], ["created_at", 2017-04-26 17:07:36 UTC], ["updated_at", 2017-04-26 17:07:36 UTC]]
  [1m[35m (17.9ms)[0m  [1m[35mCOMMIT[0m
Completed 202 Accepted in 56ms (Views: 2.1ms | ActiveRecord: 19.1ms)


Started POST "/purchase_orders" for 127.0.0.1 at 2017-04-26 14:07:42 -0300
Processing by PurchaseOrdersController#create as */*
  Parameters: {"channel"=>"b2b", "supplier"=>"grupo 1", "client"=>"grupo 2", "Sku"=>"atf1233", "unitPrice"=>3000, "Deadline"=>"17 / 10 / 2017", "purchase_order"=>{"channel"=>"b2b", "supplier"=>"grupo 1", "client"=>"grupo 2", "Sku"=>"atf1233", "unitPrice"=>3000}}
  [1m[35m (0.3ms)[0m  [1m[35mBEGIN[0m
  [1m[35m (0.3ms)[0m  [1m[31mROLLBACK[0m
Completed 400 Bad Request in 6ms (Views: 0.3ms | ActiveRecord: 0.5ms)


Started POST "/purchase_orders" for 127.0.0.1 at 2017-04-26 14:08:05 -0300
  
SyntaxError (/home/sebastian/Taller de integracion/Taller de Integracion/app/controllers/purchase_orders_controller.rb:22: syntax error, unexpected tLABEL
      render json: body: 'Incomplete order data', status: 400
                        ^
/home/sebastian/Taller de integracion/Taller de Integracion/app/controllers/purchase_orders_controller.rb:22: syntax error, unexpected ',', expecting keyword_end
      render json: body: 'Incomplete order data', status: 400
                                                 ^):
  
app/controllers/purchase_orders_controller.rb:22: syntax error, unexpected tLABEL
app/controllers/purchase_orders_controller.rb:22: syntax error, unexpected ',', expecting keyword_end
Started POST "/purchase_orders" for 127.0.0.1 at 2017-04-26 14:08:51 -0300
  
SyntaxError (/home/sebastian/Taller de integracion/Taller de Integracion/app/controllers/purchase_orders_controller.rb:22: syntax error, unexpected tLABEL
      render json: error: 'Incomplete order data', status: 400
                         ^
/home/sebastian/Taller de integracion/Taller de Integracion/app/controllers/purchase_orders_controller.rb:22: syntax error, unexpected ',', expecting keyword_end
      render json: error: 'Incomplete order data', status: 400
                                                  ^):
  
app/controllers/purchase_orders_controller.rb:22: syntax error, unexpected tLABEL
app/controllers/purchase_orders_controller.rb:22: syntax error, unexpected ',', expecting keyword_end
Started POST "/purchase_orders" for 127.0.0.1 at 2017-04-26 14:09:12 -0300
Processing by PurchaseOrdersController#create as */*
  Parameters: {"channel"=>"b2b", "supplier"=>"grupo 1", "client"=>"grupo 2", "Sku"=>"atf1233", "unitPrice"=>3000, "Deadline"=>"17 / 10 / 2017", "purchase_order"=>{"channel"=>"b2b", "supplier"=>"grupo 1", "client"=>"grupo 2", "Sku"=>"atf1233", "unitPrice"=>3000}}
  [1m[35m (0.3ms)[0m  [1m[35mBEGIN[0m
  [1m[35m (0.2ms)[0m  [1m[31mROLLBACK[0m
Completed 400 Bad Request in 39ms (Views: 0.5ms | ActiveRecord: 9.2ms)


Started POST "/purchase_orders" for 127.0.0.1 at 2017-04-26 14:10:17 -0300
Processing by PurchaseOrdersController#create as */*
  Parameters: {"channel"=>"b2b", "supplier"=>"grupo 1", "client"=>"grupo 2", "Sku"=>"atf1233", "quantity"=>2, "unitPrice"=>3000, "Deadline"=>"17 / 10 / 2017", "purchase_order"=>{"channel"=>"b2b", "supplier"=>"grupo 1", "client"=>"grupo 2", "Sku"=>"atf1233", "quantity"=>2, "unitPrice"=>3000}}
  [1m[35m (0.3ms)[0m  [1m[35mBEGIN[0m
  [1m[35mSQL (0.8ms)[0m  [1m[32mINSERT INTO "purchase_orders" ("channel", "supplier", "client", "Sku", "quantity", "unitPrice", "created_at", "updated_at") VALUES ($1, $2, $3, $4, $5, $6, $7, $8) RETURNING "id"[0m  [["channel", "b2b"], ["supplier", "grupo 1"], ["client", "grupo 2"], ["Sku", "atf1233"], ["quantity", 2], ["unitPrice", 3000], ["created_at", 2017-04-26 17:10:17 UTC], ["updated_at", 2017-04-26 17:10:17 UTC]]
  [1m[35m (59.5ms)[0m  [1m[35mCOMMIT[0m
Completed 202 Accepted in 98ms (Views: 2.0ms | ActiveRecord: 60.6ms)


Started DELETE "/purchase_orders/1" for 127.0.0.1 at 2017-04-26 14:18:38 -0300
Processing by PurchaseOrdersController#destroy as */*
  Parameters: {"channel"=>"b2b", "supplier"=>"grupo 1", "client"=>"grupo 2", "Sku"=>"atf1233", "quantity"=>2, "unitPrice"=>3000, "Deadline"=>"17 / 10 / 2017", "id"=>"1", "purchase_order"=>{"channel"=>"b2b", "supplier"=>"grupo 1", "client"=>"grupo 2", "Sku"=>"atf1233", "quantity"=>2, "unitPrice"=>3000}}
  [1m[36mPurchaseOrder Load (0.8ms)[0m  [1m[34mSELECT  "purchase_orders".* FROM "purchase_orders" WHERE "purchase_orders"."id" = $1 LIMIT $2[0m  [["id", 1], ["LIMIT", 1]]
Completed 500 Internal Server Error in 252ms (ActiveRecord: 1.2ms)


  
NameError (undefined local variable or method `param' for #<PurchaseOrdersController:0x007f6bac046a40>
Did you mean?  params
               params=
               @_params):
  
app/controllers/purchase_orders_controller.rb:39:in `destroy'
Started DELETE "/purchase_orders/1" for 127.0.0.1 at 2017-04-26 14:19:03 -0300
Processing by PurchaseOrdersController#destroy as */*
  Parameters: {"channel"=>"b2b", "supplier"=>"grupo 1", "client"=>"grupo 2", "Sku"=>"atf1233", "quantity"=>2, "unitPrice"=>3000, "Deadline"=>"17 / 10 / 2017", "id"=>"1", "purchase_order"=>{"channel"=>"b2b", "supplier"=>"grupo 1", "client"=>"grupo 2", "Sku"=>"atf1233", "quantity"=>2, "unitPrice"=>3000}}
  [1m[36mPurchaseOrder Load (0.8ms)[0m  [1m[34mSELECT  "purchase_orders".* FROM "purchase_orders" WHERE "purchase_orders"."id" = $1 LIMIT $2[0m  [["id", 1], ["LIMIT", 1]]
Completed 404 Not Found in 40ms (Views: 0.4ms | ActiveRecord: 0.8ms)


Started DELETE "/purchase_orders/1" for 127.0.0.1 at 2017-04-26 14:19:26 -0300
Processing by PurchaseOrdersController#destroy as */*
  Parameters: {"channel"=>"b2b", "supplier"=>"grupo 1", "client"=>"grupo 2", "Sku"=>"atf1233", "quantity"=>2, "unitPrice"=>3000, "Deadline"=>"17 / 10 / 2017", "id"=>"1", "purchase_order"=>{"channel"=>"b2b", "supplier"=>"grupo 1", "client"=>"grupo 2", "Sku"=>"atf1233", "quantity"=>2, "unitPrice"=>3000}}
  [1m[36mPurchaseOrder Load (0.6ms)[0m  [1m[34mSELECT  "purchase_orders".* FROM "purchase_orders" WHERE "purchase_orders"."id" = $1 LIMIT $2[0m  [["id", 1], ["LIMIT", 1]]
Completed 202 Accepted in 44ms (Views: 0.4ms | ActiveRecord: 0.6ms)


Started DELETE "/purchase_orders/1" for 127.0.0.1 at 2017-04-26 14:19:37 -0300
  
SyntaxError (/home/sebastian/Taller de integracion/Taller de Integracion/app/controllers/purchase_orders_controller.rb:40: syntax error, unexpected '}', expecting =>
      render json: {'Order qsda1 cancelled'}, status: 202
                                            ^):
  
app/controllers/purchase_orders_controller.rb:40: syntax error, unexpected '}', expecting =>
Started DELETE "/purchase_orders/1" for 127.0.0.1 at 2017-04-26 14:19:45 -0300
Processing by PurchaseOrdersController#destroy as */*
  Parameters: {"channel"=>"b2b", "supplier"=>"grupo 1", "client"=>"grupo 2", "Sku"=>"atf1233", "quantity"=>2, "unitPrice"=>3000, "Deadline"=>"17 / 10 / 2017", "id"=>"1", "purchase_order"=>{"channel"=>"b2b", "supplier"=>"grupo 1", "client"=>"grupo 2", "Sku"=>"atf1233", "quantity"=>2, "unitPrice"=>3000}}
  [1m[36mPurchaseOrder Load (0.7ms)[0m  [1m[34mSELECT  "purchase_orders".* FROM "purchase_orders" WHERE "purchase_orders"."id" = $1 LIMIT $2[0m  [["id", 1], ["LIMIT", 1]]
Completed 202 Accepted in 32ms (Views: 0.4ms | ActiveRecord: 0.7ms)


Started DELETE "/purchase_orders/1" for 127.0.0.1 at 2017-04-26 14:20:10 -0300
Processing by PurchaseOrdersController#destroy as */*
  Parameters: {"channel"=>"b2b", "supplier"=>"grupo 1", "client"=>"grupo 2", "Sku"=>"atf1233", "quantity"=>2, "unitPrice"=>3000, "Deadline"=>"17 / 10 / 2017", "id"=>"1", "purchase_order"=>{"channel"=>"b2b", "supplier"=>"grupo 1", "client"=>"grupo 2", "Sku"=>"atf1233", "quantity"=>2, "unitPrice"=>3000}}
  [1m[36mPurchaseOrder Load (0.7ms)[0m  [1m[34mSELECT  "purchase_orders".* FROM "purchase_orders" WHERE "purchase_orders"."id" = $1 LIMIT $2[0m  [["id", 1], ["LIMIT", 1]]
Completed 202 Accepted in 31ms (Views: 0.5ms | ActiveRecord: 0.7ms)


Started DELETE "/purchase_orders/1" for 127.0.0.1 at 2017-04-26 14:20:27 -0300
Processing by PurchaseOrdersController#destroy as */*
  Parameters: {"channel"=>"b2b", "supplier"=>"grupo 1", "client"=>"grupo 2", "Sku"=>"atf1233", "quantity"=>2, "unitPrice"=>3000, "Deadline"=>"17 / 10 / 2017", "id"=>"1", "purchase_order"=>{"channel"=>"b2b", "supplier"=>"grupo 1", "client"=>"grupo 2", "Sku"=>"atf1233", "quantity"=>2, "unitPrice"=>3000}}
  [1m[36mPurchaseOrder Load (0.8ms)[0m  [1m[34mSELECT  "purchase_orders".* FROM "purchase_orders" WHERE "purchase_orders"."id" = $1 LIMIT $2[0m  [["id", 1], ["LIMIT", 1]]
Completed 202 Accepted in 32ms (Views: 0.4ms | ActiveRecord: 0.8ms)


Started DELETE "/purchase_orders/1/acepted" for 127.0.0.1 at 2017-04-26 14:40:41 -0300
  
ActionController::RoutingError (No route matches [DELETE] "/purchase_orders/1/acepted"):
  
actionpack (5.0.2) lib/action_dispatch/middleware/debug_exceptions.rb:53:in `call'
actionpack (5.0.2) lib/action_dispatch/middleware/show_exceptions.rb:31:in `call'
railties (5.0.2) lib/rails/rack/logger.rb:36:in `call_app'
railties (5.0.2) lib/rails/rack/logger.rb:24:in `block in call'
activesupport (5.0.2) lib/active_support/tagged_logging.rb:69:in `block in tagged'
activesupport (5.0.2) lib/active_support/tagged_logging.rb:26:in `tagged'
activesupport (5.0.2) lib/active_support/tagged_logging.rb:69:in `tagged'
railties (5.0.2) lib/rails/rack/logger.rb:24:in `call'
actionpack (5.0.2) lib/action_dispatch/middleware/request_id.rb:24:in `call'
rack (2.0.1) lib/rack/runtime.rb:22:in `call'
activesupport (5.0.2) lib/active_support/cache/strategy/local_cache_middleware.rb:28:in `call'
actionpack (5.0.2) lib/action_dispatch/middleware/executor.rb:12:in `call'
actionpack (5.0.2) lib/action_dispatch/middleware/static.rb:136:in `call'
rack (2.0.1) lib/rack/sendfile.rb:111:in `call'
railties (5.0.2) lib/rails/engine.rb:522:in `call'
puma (3.8.2) lib/puma/configuration.rb:224:in `call'
puma (3.8.2) lib/puma/server.rb:600:in `handle_request'
puma (3.8.2) lib/puma/server.rb:435:in `process_client'
puma (3.8.2) lib/puma/server.rb:299:in `block in run'
puma (3.8.2) lib/puma/thread_pool.rb:120:in `block in spawn_thread'
Started PATCH "/purchase_orders/1/acepted" for 127.0.0.1 at 2017-04-26 14:40:47 -0300
Processing by PurchaseOrdersController#acepted as */*
  Parameters: {"channel"=>"b2b", "supplier"=>"grupo 1", "client"=>"grupo 2", "Sku"=>"atf1233", "quantity"=>2, "unitPrice"=>3000, "Deadline"=>"17 / 10 / 2017", "id"=>"1", "purchase_order"=>{"channel"=>"b2b", "supplier"=>"grupo 1", "client"=>"grupo 2", "Sku"=>"atf1233", "quantity"=>2, "unitPrice"=>3000}}
Completed 202 Accepted in 1ms (Views: 0.3ms | ActiveRecord: 4.8ms)


Started PATCH "/purchase_orders/1/rejected" for 127.0.0.1 at 2017-04-26 14:40:56 -0300
Processing by PurchaseOrdersController#rejected as */*
  Parameters: {"channel"=>"b2b", "supplier"=>"grupo 1", "client"=>"grupo 2", "Sku"=>"atf1233", "quantity"=>2, "unitPrice"=>3000, "Deadline"=>"17 / 10 / 2017", "id"=>"1", "purchase_order"=>{"channel"=>"b2b", "supplier"=>"grupo 1", "client"=>"grupo 2", "Sku"=>"atf1233", "quantity"=>2, "unitPrice"=>3000}}
No template found for PurchaseOrdersController#rejected, rendering head :no_content
Completed 204 No Content in 31ms (ActiveRecord: 0.0ms)


Started PATCH "/purchase_orders/1/rejected" for 127.0.0.1 at 2017-04-26 14:41:25 -0300
Processing by PurchaseOrdersController#rejected as */*
  Parameters: {"channel"=>"b2b", "supplier"=>"grupo 1", "client"=>"grupo 2", "Sku"=>"atf1233", "quantity"=>2, "unitPrice"=>3000, "Deadline"=>"17 / 10 / 2017", "id"=>"1", "purchase_order"=>{"channel"=>"b2b", "supplier"=>"grupo 1", "client"=>"grupo 2", "Sku"=>"atf1233", "quantity"=>2, "unitPrice"=>3000}}
Completed 202 Accepted in 1ms (Views: 0.2ms | ActiveRecord: 0.0ms)


Started PUT "/purchase_orders" for 127.0.0.1 at 2017-04-26 14:41:42 -0300
  
ActionController::RoutingError (No route matches [PUT] "/purchase_orders"):
  
actionpack (5.0.2) lib/action_dispatch/middleware/debug_exceptions.rb:53:in `call'
actionpack (5.0.2) lib/action_dispatch/middleware/show_exceptions.rb:31:in `call'
railties (5.0.2) lib/rails/rack/logger.rb:36:in `call_app'
railties (5.0.2) lib/rails/rack/logger.rb:24:in `block in call'
activesupport (5.0.2) lib/active_support/tagged_logging.rb:69:in `block in tagged'
activesupport (5.0.2) lib/active_support/tagged_logging.rb:26:in `tagged'
activesupport (5.0.2) lib/active_support/tagged_logging.rb:69:in `tagged'
railties (5.0.2) lib/rails/rack/logger.rb:24:in `call'
actionpack (5.0.2) lib/action_dispatch/middleware/request_id.rb:24:in `call'
rack (2.0.1) lib/rack/runtime.rb:22:in `call'
activesupport (5.0.2) lib/active_support/cache/strategy/local_cache_middleware.rb:28:in `call'
actionpack (5.0.2) lib/action_dispatch/middleware/executor.rb:12:in `call'
actionpack (5.0.2) lib/action_dispatch/middleware/static.rb:136:in `call'
rack (2.0.1) lib/rack/sendfile.rb:111:in `call'
railties (5.0.2) lib/rails/engine.rb:522:in `call'
puma (3.8.2) lib/puma/configuration.rb:224:in `call'
puma (3.8.2) lib/puma/server.rb:600:in `handle_request'
puma (3.8.2) lib/puma/server.rb:435:in `process_client'
puma (3.8.2) lib/puma/server.rb:299:in `block in run'
puma (3.8.2) lib/puma/thread_pool.rb:120:in `block in spawn_thread'
Started PUT "/purchase_orders/1" for 127.0.0.1 at 2017-04-26 14:42:02 -0300
Processing by PurchaseOrdersController#create as */*
  Parameters: {"orderId"=>"qsda1", "channel"=>"b2b", "supplier"=>"grupo 1", "client"=>"grupo 2", "ssku"=>"atf1233", "quantity"=>2, "dispatchedQuantity"=>"0", "unitPrice"=>3000, "Deadline"=>"17 / 10 / 2017", "state"=>"Acepted", "Notes"=>"In progress", "billId"=>"sck2", "id"=>"1", "purchase_order"=>{"orderId"=>"qsda1", "channel"=>"b2b", "supplier"=>"grupo 1", "client"=>"grupo 2", "quantity"=>2, "dispatchedQuantity"=>"0", "unitPrice"=>3000, "state"=>"Acepted", "billId"=>"sck2"}}
  [1m[35m (0.3ms)[0m  [1m[35mBEGIN[0m
  [1m[35m (0.3ms)[0m  [1m[31mROLLBACK[0m
Completed 400 Bad Request in 34ms (Views: 0.4ms | ActiveRecord: 0.6ms)


Started PUT "/purchase_orders" for 127.0.0.1 at 2017-04-26 14:42:30 -0300
Processing by PurchaseOrdersController#create as */*
  Parameters: {"orderId"=>"qsda1", "channel"=>"b2b", "supplier"=>"grupo 1", "client"=>"grupo 2", "ssku"=>"atf1233", "quantity"=>2, "dispatchedQuantity"=>"0", "unitPrice"=>3000, "Deadline"=>"17 / 10 / 2017", "state"=>"Acepted", "Notes"=>"In progress", "billId"=>"sck2", "purchase_order"=>{"orderId"=>"qsda1", "channel"=>"b2b", "supplier"=>"grupo 1", "client"=>"grupo 2", "quantity"=>2, "dispatchedQuantity"=>"0", "unitPrice"=>3000, "state"=>"Acepted", "billId"=>"sck2"}}
  [1m[35m (0.2ms)[0m  [1m[35mBEGIN[0m
  [1m[35m (0.3ms)[0m  [1m[31mROLLBACK[0m
Completed 400 Bad Request in 34ms (Views: 0.4ms | ActiveRecord: 0.5ms)


Started PUT "/purchase_orders" for 127.0.0.1 at 2017-04-26 14:42:42 -0300
Processing by PurchaseOrdersController#create as */*
  Parameters: {"orderId"=>"qsda1", "channel"=>"b2b", "supplier"=>"grupo 1", "client"=>"grupo 2", "Sku"=>"atf1233", "quantity"=>2, "dispatchedQuantity"=>"0", "unitPrice"=>3000, "Deadline"=>"17 / 10 / 2017", "state"=>"Acepted", "Notes"=>"In progress", "billId"=>"sck2", "purchase_order"=>{"orderId"=>"qsda1", "channel"=>"b2b", "supplier"=>"grupo 1", "client"=>"grupo 2", "Sku"=>"atf1233", "quantity"=>2, "dispatchedQuantity"=>"0", "unitPrice"=>3000, "state"=>"Acepted", "billId"=>"sck2"}}
  [1m[35m (0.3ms)[0m  [1m[35mBEGIN[0m
  [1m[35mSQL (1.0ms)[0m  [1m[32mINSERT INTO "purchase_orders" ("orderId", "channel", "supplier", "client", "Sku", "quantity", "dispatchedQuantity", "unitPrice", "state", "billId", "created_at", "updated_at") VALUES ($1, $2, $3, $4, $5, $6, $7, $8, $9, $10, $11, $12) RETURNING "id"[0m  [["orderId", "qsda1"], ["channel", "b2b"], ["supplier", "grupo 1"], ["client", "grupo 2"], ["Sku", "atf1233"], ["quantity", 2], ["dispatchedQuantity", 0], ["unitPrice", 3000], ["state", "Acepted"], ["billId", "sck2"], ["created_at", 2017-04-26 17:42:42 UTC], ["updated_at", 2017-04-26 17:42:42 UTC]]
  [1m[35m (16.9ms)[0m  [1m[35mCOMMIT[0m
Completed 500 Internal Server Error in 143ms (ActiveRecord: 18.2ms)


  
NoMethodError (undefined method `purchase_order_url' for #<PurchaseOrdersController:0x00000003caca80>
Did you mean?  purchase_orders_url
               purchase_order_params
               purchase_orders_path):
  
app/controllers/purchase_orders_controller.rb:29:in `create'
Started PUT "/purchase_orders/1" for 127.0.0.1 at 2017-04-26 14:43:23 -0300
Processing by PurchaseOrdersController#create as */*
  Parameters: {"orderId"=>"qsda1", "channel"=>"b2b", "supplier"=>"grupo 1", "client"=>"grupo 2", "Sku"=>"atf1233", "quantity"=>2, "unitPrice"=>3000, "Deadline"=>"17 / 10 / 2017", "id"=>"1", "purchase_order"=>{"orderId"=>"qsda1", "channel"=>"b2b", "supplier"=>"grupo 1", "client"=>"grupo 2", "Sku"=>"atf1233", "quantity"=>2, "unitPrice"=>3000}}
  [1m[35m (0.3ms)[0m  [1m[35mBEGIN[0m
  [1m[35mSQL (0.7ms)[0m  [1m[32mINSERT INTO "purchase_orders" ("orderId", "channel", "supplier", "client", "Sku", "quantity", "unitPrice", "created_at", "updated_at") VALUES ($1, $2, $3, $4, $5, $6, $7, $8, $9) RETURNING "id"[0m  [["orderId", "qsda1"], ["channel", "b2b"], ["supplier", "grupo 1"], ["client", "grupo 2"], ["Sku", "atf1233"], ["quantity", 2], ["unitPrice", 3000], ["created_at", 2017-04-26 17:43:23 UTC], ["updated_at", 2017-04-26 17:43:23 UTC]]
  [1m[35m (17.9ms)[0m  [1m[35mCOMMIT[0m
Completed 500 Internal Server Error in 196ms (ActiveRecord: 27.1ms)


  
NoMethodError (undefined method `purchase_order_url' for #<PurchaseOrdersController:0x00000002d3ce60>
Did you mean?  purchase_order_params):
  
app/controllers/purchase_orders_controller.rb:29:in `create'
Started PUT "/purchase_orders/1" for 127.0.0.1 at 2017-04-26 14:43:42 -0300
Processing by PurchaseOrdersController#create as */*
  Parameters: {"orderId"=>"qsda1", "channel"=>"b2b", "supplier"=>"grupo 1", "client"=>"grupo 2", "Sku"=>"atf1233", "quantity"=>2, "unitPrice"=>3000, "Deadline"=>"17 / 10 / 2017", "id"=>"1", "purchase_order"=>{"orderId"=>"qsda1", "channel"=>"b2b", "supplier"=>"grupo 1", "client"=>"grupo 2", "Sku"=>"atf1233", "quantity"=>2, "unitPrice"=>3000}}
  [1m[35m (0.3ms)[0m  [1m[35mBEGIN[0m
  [1m[35mSQL (0.8ms)[0m  [1m[32mINSERT INTO "purchase_orders" ("orderId", "channel", "supplier", "client", "Sku", "quantity", "unitPrice", "created_at", "updated_at") VALUES ($1, $2, $3, $4, $5, $6, $7, $8, $9) RETURNING "id"[0m  [["orderId", "qsda1"], ["channel", "b2b"], ["supplier", "grupo 1"], ["client", "grupo 2"], ["Sku", "atf1233"], ["quantity", 2], ["unitPrice", 3000], ["created_at", 2017-04-26 17:43:42 UTC], ["updated_at", 2017-04-26 17:43:42 UTC]]
  [1m[35m (15.8ms)[0m  [1m[35mCOMMIT[0m
Completed 500 Internal Server Error in 143ms (ActiveRecord: 16.9ms)


  
NoMethodError (undefined method `purchase_order_url' for #<PurchaseOrdersController:0x007f6bac2c4470>
Did you mean?  purchase_order_params):
  
app/controllers/purchase_orders_controller.rb:29:in `create'
Started PUT "/purchase_orders/1" for 127.0.0.1 at 2017-04-26 14:43:50 -0300
Processing by PurchaseOrdersController#create as */*
  Parameters: {"orderId"=>"qsda1", "channel"=>"b2b", "supplier"=>"grupo 1", "client"=>"grupo 2", "Sku"=>"atf1233", "quantity"=>2, "unitPrice"=>3000, "Deadline"=>"17 / 10 / 2017", "id"=>"1", "purchase_order"=>{"orderId"=>"qsda1", "channel"=>"b2b", "supplier"=>"grupo 1", "client"=>"grupo 2", "Sku"=>"atf1233", "quantity"=>2, "unitPrice"=>3000}}
  [1m[35m (0.3ms)[0m  [1m[35mBEGIN[0m
  [1m[35mSQL (0.8ms)[0m  [1m[32mINSERT INTO "purchase_orders" ("orderId", "channel", "supplier", "client", "Sku", "quantity", "unitPrice", "created_at", "updated_at") VALUES ($1, $2, $3, $4, $5, $6, $7, $8, $9) RETURNING "id"[0m  [["orderId", "qsda1"], ["channel", "b2b"], ["supplier", "grupo 1"], ["client", "grupo 2"], ["Sku", "atf1233"], ["quantity", 2], ["unitPrice", 3000], ["created_at", 2017-04-26 17:43:50 UTC], ["updated_at", 2017-04-26 17:43:50 UTC]]
  [1m[35m (19.4ms)[0m  [1m[35mCOMMIT[0m
Completed 500 Internal Server Error in 183ms (ActiveRecord: 28.9ms)


  
NoMethodError (undefined method `purchase_order_url' for #<PurchaseOrdersController:0x00000003f92560>
Did you mean?  purchase_order_params):
  
app/controllers/purchase_orders_controller.rb:29:in `create'
Started PUT "/purchase_orders/1" for 127.0.0.1 at 2017-04-26 14:46:27 -0300
Processing by PurchaseOrdersController#create as */*
  Parameters: {"orderId"=>"qsda1", "channel"=>"b2b", "supplier"=>"grupo 1", "client"=>"grupo 2", "Sku"=>"atf1233", "quantity"=>2, "unitPrice"=>3000, "Deadline"=>"17 / 10 / 2017", "id"=>"1", "purchase_order"=>{"orderId"=>"qsda1", "channel"=>"b2b", "supplier"=>"grupo 1", "client"=>"grupo 2", "Sku"=>"atf1233", "quantity"=>2, "unitPrice"=>3000}}
Completed 202 Accepted in 1ms (Views: 0.2ms | ActiveRecord: 0.0ms)


Started GET "/products" for 127.0.0.1 at 2017-04-26 15:03:07 -0300
Processing by ProductsController#index as */*
Completed 200 OK in 5ms (Views: 0.3ms | ActiveRecord: 0.0ms)


Started PUT "/purchase_orders/1" for 127.0.0.1 at 2017-04-26 15:03:25 -0300
  
SyntaxError (/home/sebastian/Taller de integracion/Taller de Integracion/app/controllers/purchase_orders_controller.rb:63: syntax error, unexpected keyword_end, expecting end-of-input):
  
app/controllers/purchase_orders_controller.rb:63: syntax error, unexpected keyword_end, expecting end-of-input
Started PUT "/purchase_orders/1" for 127.0.0.1 at 2017-04-26 15:03:43 -0300
Processing by PurchaseOrdersController#create as */*
  Parameters: {"id"=>"1"}
Completed 202 Accepted in 1ms (Views: 0.3ms | ActiveRecord: 0.0ms)


Started PATCH "/purchase_orders/1/acepted" for 127.0.0.1 at 2017-04-26 15:03:55 -0300
Processing by PurchaseOrdersController#acepted as */*
  Parameters: {"id"=>"1"}
Completed 202 Accepted in 1ms (Views: 0.3ms | ActiveRecord: 0.0ms)


Started PATCH "/purchase_orders/1/rejected" for 127.0.0.1 at 2017-04-26 15:04:00 -0300
Processing by PurchaseOrdersController#rejected as */*
  Parameters: {"id"=>"1"}
Completed 202 Accepted in 1ms (Views: 0.2ms | ActiveRecord: 0.0ms)


Started DELETE "/purchase_orders/1" for 127.0.0.1 at 2017-04-26 15:04:09 -0300
  
AbstractController::ActionNotFound (The action 'delete' could not be found for PurchaseOrdersController):
  
actionpack (5.0.2) lib/abstract_controller/base.rb:121:in `process'
actionview (5.0.2) lib/action_view/rendering.rb:30:in `process'
actionpack (5.0.2) lib/action_controller/metal.rb:190:in `dispatch'
actionpack (5.0.2) lib/action_controller/metal.rb:262:in `dispatch'
actionpack (5.0.2) lib/action_dispatch/routing/route_set.rb:50:in `dispatch'
actionpack (5.0.2) lib/action_dispatch/routing/route_set.rb:32:in `serve'
actionpack (5.0.2) lib/action_dispatch/journey/router.rb:39:in `block in serve'
actionpack (5.0.2) lib/action_dispatch/journey/router.rb:26:in `each'
actionpack (5.0.2) lib/action_dispatch/journey/router.rb:26:in `serve'
actionpack (5.0.2) lib/action_dispatch/routing/route_set.rb:725:in `call'
rack (2.0.1) lib/rack/etag.rb:25:in `call'
rack (2.0.1) lib/rack/conditional_get.rb:38:in `call'
rack (2.0.1) lib/rack/head.rb:12:in `call'
activerecord (5.0.2) lib/active_record/migration.rb:553:in `call'
actionpack (5.0.2) lib/action_dispatch/middleware/callbacks.rb:38:in `block in call'
activesupport (5.0.2) lib/active_support/callbacks.rb:97:in `__run_callbacks__'
activesupport (5.0.2) lib/active_support/callbacks.rb:750:in `_run_call_callbacks'
activesupport (5.0.2) lib/active_support/callbacks.rb:90:in `run_callbacks'
actionpack (5.0.2) lib/action_dispatch/middleware/callbacks.rb:36:in `call'
actionpack (5.0.2) lib/action_dispatch/middleware/executor.rb:12:in `call'
actionpack (5.0.2) lib/action_dispatch/middleware/remote_ip.rb:79:in `call'
actionpack (5.0.2) lib/action_dispatch/middleware/debug_exceptions.rb:49:in `call'
actionpack (5.0.2) lib/action_dispatch/middleware/show_exceptions.rb:31:in `call'
railties (5.0.2) lib/rails/rack/logger.rb:36:in `call_app'
railties (5.0.2) lib/rails/rack/logger.rb:24:in `block in call'
activesupport (5.0.2) lib/active_support/tagged_logging.rb:69:in `block in tagged'
activesupport (5.0.2) lib/active_support/tagged_logging.rb:26:in `tagged'
activesupport (5.0.2) lib/active_support/tagged_logging.rb:69:in `tagged'
railties (5.0.2) lib/rails/rack/logger.rb:24:in `call'
actionpack (5.0.2) lib/action_dispatch/middleware/request_id.rb:24:in `call'
rack (2.0.1) lib/rack/runtime.rb:22:in `call'
activesupport (5.0.2) lib/active_support/cache/strategy/local_cache_middleware.rb:28:in `call'
actionpack (5.0.2) lib/action_dispatch/middleware/executor.rb:12:in `call'
actionpack (5.0.2) lib/action_dispatch/middleware/static.rb:136:in `call'
rack (2.0.1) lib/rack/sendfile.rb:111:in `call'
railties (5.0.2) lib/rails/engine.rb:522:in `call'
puma (3.8.2) lib/puma/configuration.rb:224:in `call'
puma (3.8.2) lib/puma/server.rb:600:in `handle_request'
puma (3.8.2) lib/puma/server.rb:435:in `process_client'
puma (3.8.2) lib/puma/server.rb:299:in `block in run'
puma (3.8.2) lib/puma/thread_pool.rb:120:in `block in spawn_thread'
Started DELETE "/purchase_orders/1" for 127.0.0.1 at 2017-04-26 15:04:28 -0300
  
AbstractController::ActionNotFound (The action 'delete' could not be found for PurchaseOrdersController):
  
actionpack (5.0.2) lib/abstract_controller/base.rb:121:in `process'
actionview (5.0.2) lib/action_view/rendering.rb:30:in `process'
actionpack (5.0.2) lib/action_controller/metal.rb:190:in `dispatch'
actionpack (5.0.2) lib/action_controller/metal.rb:262:in `dispatch'
actionpack (5.0.2) lib/action_dispatch/routing/route_set.rb:50:in `dispatch'
actionpack (5.0.2) lib/action_dispatch/routing/route_set.rb:32:in `serve'
actionpack (5.0.2) lib/action_dispatch/journey/router.rb:39:in `block in serve'
actionpack (5.0.2) lib/action_dispatch/journey/router.rb:26:in `each'
actionpack (5.0.2) lib/action_dispatch/journey/router.rb:26:in `serve'
actionpack (5.0.2) lib/action_dispatch/routing/route_set.rb:725:in `call'
rack (2.0.1) lib/rack/etag.rb:25:in `call'
rack (2.0.1) lib/rack/conditional_get.rb:38:in `call'
rack (2.0.1) lib/rack/head.rb:12:in `call'
activerecord (5.0.2) lib/active_record/migration.rb:553:in `call'
actionpack (5.0.2) lib/action_dispatch/middleware/callbacks.rb:38:in `block in call'
activesupport (5.0.2) lib/active_support/callbacks.rb:97:in `__run_callbacks__'
activesupport (5.0.2) lib/active_support/callbacks.rb:750:in `_run_call_callbacks'
activesupport (5.0.2) lib/active_support/callbacks.rb:90:in `run_callbacks'
actionpack (5.0.2) lib/action_dispatch/middleware/callbacks.rb:36:in `call'
actionpack (5.0.2) lib/action_dispatch/middleware/executor.rb:12:in `call'
actionpack (5.0.2) lib/action_dispatch/middleware/remote_ip.rb:79:in `call'
actionpack (5.0.2) lib/action_dispatch/middleware/debug_exceptions.rb:49:in `call'
actionpack (5.0.2) lib/action_dispatch/middleware/show_exceptions.rb:31:in `call'
railties (5.0.2) lib/rails/rack/logger.rb:36:in `call_app'
railties (5.0.2) lib/rails/rack/logger.rb:24:in `block in call'
activesupport (5.0.2) lib/active_support/tagged_logging.rb:69:in `block in tagged'
activesupport (5.0.2) lib/active_support/tagged_logging.rb:26:in `tagged'
activesupport (5.0.2) lib/active_support/tagged_logging.rb:69:in `tagged'
railties (5.0.2) lib/rails/rack/logger.rb:24:in `call'
actionpack (5.0.2) lib/action_dispatch/middleware/request_id.rb:24:in `call'
rack (2.0.1) lib/rack/runtime.rb:22:in `call'
activesupport (5.0.2) lib/active_support/cache/strategy/local_cache_middleware.rb:28:in `call'
actionpack (5.0.2) lib/action_dispatch/middleware/executor.rb:12:in `call'
actionpack (5.0.2) lib/action_dispatch/middleware/static.rb:136:in `call'
rack (2.0.1) lib/rack/sendfile.rb:111:in `call'
railties (5.0.2) lib/rails/engine.rb:522:in `call'
puma (3.8.2) lib/puma/configuration.rb:224:in `call'
puma (3.8.2) lib/puma/server.rb:600:in `handle_request'
puma (3.8.2) lib/puma/server.rb:435:in `process_client'
puma (3.8.2) lib/puma/server.rb:299:in `block in run'
puma (3.8.2) lib/puma/thread_pool.rb:120:in `block in spawn_thread'
Started DELETE "/purchase_orders/1" for 127.0.0.1 at 2017-04-26 15:04:30 -0300
  
AbstractController::ActionNotFound (The action 'delete' could not be found for PurchaseOrdersController):
  
actionpack (5.0.2) lib/abstract_controller/base.rb:121:in `process'
actionview (5.0.2) lib/action_view/rendering.rb:30:in `process'
actionpack (5.0.2) lib/action_controller/metal.rb:190:in `dispatch'
actionpack (5.0.2) lib/action_controller/metal.rb:262:in `dispatch'
actionpack (5.0.2) lib/action_dispatch/routing/route_set.rb:50:in `dispatch'
actionpack (5.0.2) lib/action_dispatch/routing/route_set.rb:32:in `serve'
actionpack (5.0.2) lib/action_dispatch/journey/router.rb:39:in `block in serve'
actionpack (5.0.2) lib/action_dispatch/journey/router.rb:26:in `each'
actionpack (5.0.2) lib/action_dispatch/journey/router.rb:26:in `serve'
actionpack (5.0.2) lib/action_dispatch/routing/route_set.rb:725:in `call'
rack (2.0.1) lib/rack/etag.rb:25:in `call'
rack (2.0.1) lib/rack/conditional_get.rb:38:in `call'
rack (2.0.1) lib/rack/head.rb:12:in `call'
activerecord (5.0.2) lib/active_record/migration.rb:553:in `call'
actionpack (5.0.2) lib/action_dispatch/middleware/callbacks.rb:38:in `block in call'
activesupport (5.0.2) lib/active_support/callbacks.rb:97:in `__run_callbacks__'
activesupport (5.0.2) lib/active_support/callbacks.rb:750:in `_run_call_callbacks'
activesupport (5.0.2) lib/active_support/callbacks.rb:90:in `run_callbacks'
actionpack (5.0.2) lib/action_dispatch/middleware/callbacks.rb:36:in `call'
actionpack (5.0.2) lib/action_dispatch/middleware/executor.rb:12:in `call'
actionpack (5.0.2) lib/action_dispatch/middleware/remote_ip.rb:79:in `call'
actionpack (5.0.2) lib/action_dispatch/middleware/debug_exceptions.rb:49:in `call'
actionpack (5.0.2) lib/action_dispatch/middleware/show_exceptions.rb:31:in `call'
railties (5.0.2) lib/rails/rack/logger.rb:36:in `call_app'
railties (5.0.2) lib/rails/rack/logger.rb:24:in `block in call'
activesupport (5.0.2) lib/active_support/tagged_logging.rb:69:in `block in tagged'
activesupport (5.0.2) lib/active_support/tagged_logging.rb:26:in `tagged'
activesupport (5.0.2) lib/active_support/tagged_logging.rb:69:in `tagged'
railties (5.0.2) lib/rails/rack/logger.rb:24:in `call'
actionpack (5.0.2) lib/action_dispatch/middleware/request_id.rb:24:in `call'
rack (2.0.1) lib/rack/runtime.rb:22:in `call'
activesupport (5.0.2) lib/active_support/cache/strategy/local_cache_middleware.rb:28:in `call'
actionpack (5.0.2) lib/action_dispatch/middleware/executor.rb:12:in `call'
actionpack (5.0.2) lib/action_dispatch/middleware/static.rb:136:in `call'
rack (2.0.1) lib/rack/sendfile.rb:111:in `call'
railties (5.0.2) lib/rails/engine.rb:522:in `call'
puma (3.8.2) lib/puma/configuration.rb:224:in `call'
puma (3.8.2) lib/puma/server.rb:600:in `handle_request'
puma (3.8.2) lib/puma/server.rb:435:in `process_client'
puma (3.8.2) lib/puma/server.rb:299:in `block in run'
puma (3.8.2) lib/puma/thread_pool.rb:120:in `block in spawn_thread'
Started DELETE "/purchase_orders/1" for 127.0.0.1 at 2017-04-26 15:04:57 -0300
Processing by PurchaseOrdersController#destroy as */*
  Parameters: {"id"=>"1"}
  [1m[36mPurchaseOrder Load (0.5ms)[0m  [1m[34mSELECT  "purchase_orders".* FROM "purchase_orders" WHERE "purchase_orders"."id" = $1 LIMIT $2[0m  [["id", 1], ["LIMIT", 1]]
Completed 202 Accepted in 50ms (Views: 0.5ms | ActiveRecord: 8.3ms)


Started DELETE "/purchase_orders/1/cancel" for 127.0.0.1 at 2017-04-26 15:05:33 -0300
Processing by PurchaseOrdersController#destroy as */*
  Parameters: {"id"=>"1"}
  [1m[36mPurchaseOrder Load (0.5ms)[0m  [1m[34mSELECT  "purchase_orders".* FROM "purchase_orders" WHERE "purchase_orders"."id" = $1 LIMIT $2[0m  [["id", 1], ["LIMIT", 1]]
Completed 202 Accepted in 40ms (Views: 0.4ms | ActiveRecord: 0.5ms)


Started PUT "/invoices/id" for 127.0.0.1 at 2017-04-26 15:05:59 -0300
Processing by BillsController#create as */*
  Parameters: {"id"=>"id"}
Completed 202 Accepted in 1ms (Views: 0.3ms | ActiveRecord: 0.0ms)


Started PUT "/token" for 127.0.0.1 at 2017-04-26 22:31:20 -0300
  [1m[36mActiveRecord::SchemaMigration Load (37.9ms)[0m  [1m[34mSELECT "schema_migrations".* FROM "schema_migrations"[0m
  
ActionController::RoutingError (No route matches [PUT] "/token"):
  
actionpack (5.0.2) lib/action_dispatch/middleware/debug_exceptions.rb:53:in `call'
actionpack (5.0.2) lib/action_dispatch/middleware/show_exceptions.rb:31:in `call'
railties (5.0.2) lib/rails/rack/logger.rb:36:in `call_app'
railties (5.0.2) lib/rails/rack/logger.rb:24:in `block in call'
activesupport (5.0.2) lib/active_support/tagged_logging.rb:69:in `block in tagged'
activesupport (5.0.2) lib/active_support/tagged_logging.rb:26:in `tagged'
activesupport (5.0.2) lib/active_support/tagged_logging.rb:69:in `tagged'
railties (5.0.2) lib/rails/rack/logger.rb:24:in `call'
actionpack (5.0.2) lib/action_dispatch/middleware/request_id.rb:24:in `call'
rack (2.0.1) lib/rack/runtime.rb:22:in `call'
activesupport (5.0.2) lib/active_support/cache/strategy/local_cache_middleware.rb:28:in `call'
actionpack (5.0.2) lib/action_dispatch/middleware/executor.rb:12:in `call'
actionpack (5.0.2) lib/action_dispatch/middleware/static.rb:136:in `call'
rack (2.0.1) lib/rack/sendfile.rb:111:in `call'
railties (5.0.2) lib/rails/engine.rb:522:in `call'
puma (3.8.2) lib/puma/configuration.rb:224:in `call'
puma (3.8.2) lib/puma/server.rb:600:in `handle_request'
puma (3.8.2) lib/puma/server.rb:435:in `process_client'
puma (3.8.2) lib/puma/server.rb:299:in `block in run'
puma (3.8.2) lib/puma/thread_pool.rb:120:in `block in spawn_thread'
Started PUT "/token" for 127.0.0.1 at 2017-04-26 22:31:41 -0300
  
ActionController::RoutingError (No route matches [PUT] "/token"):
  
actionpack (5.0.2) lib/action_dispatch/middleware/debug_exceptions.rb:53:in `call'
actionpack (5.0.2) lib/action_dispatch/middleware/show_exceptions.rb:31:in `call'
railties (5.0.2) lib/rails/rack/logger.rb:36:in `call_app'
railties (5.0.2) lib/rails/rack/logger.rb:24:in `block in call'
activesupport (5.0.2) lib/active_support/tagged_logging.rb:69:in `block in tagged'
activesupport (5.0.2) lib/active_support/tagged_logging.rb:26:in `tagged'
activesupport (5.0.2) lib/active_support/tagged_logging.rb:69:in `tagged'
railties (5.0.2) lib/rails/rack/logger.rb:24:in `call'
actionpack (5.0.2) lib/action_dispatch/middleware/request_id.rb:24:in `call'
rack (2.0.1) lib/rack/runtime.rb:22:in `call'
activesupport (5.0.2) lib/active_support/cache/strategy/local_cache_middleware.rb:28:in `call'
actionpack (5.0.2) lib/action_dispatch/middleware/executor.rb:12:in `call'
actionpack (5.0.2) lib/action_dispatch/middleware/static.rb:136:in `call'
rack (2.0.1) lib/rack/sendfile.rb:111:in `call'
railties (5.0.2) lib/rails/engine.rb:522:in `call'
puma (3.8.2) lib/puma/configuration.rb:224:in `call'
puma (3.8.2) lib/puma/server.rb:600:in `handle_request'
puma (3.8.2) lib/puma/server.rb:435:in `process_client'
puma (3.8.2) lib/puma/server.rb:299:in `block in run'
puma (3.8.2) lib/puma/thread_pool.rb:120:in `block in spawn_thread'
Started GET "/token" for 127.0.0.1 at 2017-04-26 22:31:58 -0300
Processing by ApplicationController#token as */*
Completed 202 Accepted in 1ms (Views: 0.4ms | ActiveRecord: 0.0ms)


Started GET "/invoices/id?token=%22algo%22" for 127.0.0.1 at 2017-04-26 22:32:54 -0300
  
ActionController::RoutingError (No route matches [GET] "/invoices/id"):
  
actionpack (5.0.2) lib/action_dispatch/middleware/debug_exceptions.rb:53:in `call'
actionpack (5.0.2) lib/action_dispatch/middleware/show_exceptions.rb:31:in `call'
railties (5.0.2) lib/rails/rack/logger.rb:36:in `call_app'
railties (5.0.2) lib/rails/rack/logger.rb:24:in `block in call'
activesupport (5.0.2) lib/active_support/tagged_logging.rb:69:in `block in tagged'
activesupport (5.0.2) lib/active_support/tagged_logging.rb:26:in `tagged'
activesupport (5.0.2) lib/active_support/tagged_logging.rb:69:in `tagged'
railties (5.0.2) lib/rails/rack/logger.rb:24:in `call'
actionpack (5.0.2) lib/action_dispatch/middleware/request_id.rb:24:in `call'
rack (2.0.1) lib/rack/runtime.rb:22:in `call'
activesupport (5.0.2) lib/active_support/cache/strategy/local_cache_middleware.rb:28:in `call'
actionpack (5.0.2) lib/action_dispatch/middleware/executor.rb:12:in `call'
actionpack (5.0.2) lib/action_dispatch/middleware/static.rb:136:in `call'
rack (2.0.1) lib/rack/sendfile.rb:111:in `call'
railties (5.0.2) lib/rails/engine.rb:522:in `call'
puma (3.8.2) lib/puma/configuration.rb:224:in `call'
puma (3.8.2) lib/puma/server.rb:600:in `handle_request'
puma (3.8.2) lib/puma/server.rb:435:in `process_client'
puma (3.8.2) lib/puma/server.rb:299:in `block in run'
puma (3.8.2) lib/puma/thread_pool.rb:120:in `block in spawn_thread'
Started PUT "/invoices/id?token=%22algo%22" for 127.0.0.1 at 2017-04-26 22:33:03 -0300
Processing by BillsController#create as */*
  Parameters: {"token"=>"\"algo\"", "id"=>"id"}
Completed 202 Accepted in 1ms (Views: 0.3ms | ActiveRecord: 0.0ms)


Started PUT "/invoices/id?token=%22algo%22" for 127.0.0.1 at 2017-04-26 22:38:01 -0300
Processing by BillsController#create as */*
  Parameters: {"token"=>"\"algo\"", "id"=>"id"}
Completed 202 Accepted in 1ms (Views: 0.3ms | ActiveRecord: 0.0ms)


Started PUT "/invoices/id" for 127.0.0.1 at 2017-04-26 22:38:05 -0300
Processing by BillsController#create as */*
  Parameters: {"id"=>"id"}
Completed 403 Forbidden in 1ms (Views: 0.5ms | ActiveRecord: 0.0ms)


Started PUT "/invoices/id" for 127.0.0.1 at 2017-04-26 22:41:06 -0300
Processing by BillsController#create as */*
  Parameters: {"id"=>"id"}
Completed 403 Forbidden in 1ms (Views: 0.4ms | ActiveRecord: 0.0ms)


Started PUT "/invoices/id/reject" for 127.0.0.1 at 2017-04-26 22:41:10 -0300
  
ActionController::RoutingError (No route matches [PUT] "/invoices/id/reject"):
  
actionpack (5.0.2) lib/action_dispatch/middleware/debug_exceptions.rb:53:in `call'
actionpack (5.0.2) lib/action_dispatch/middleware/show_exceptions.rb:31:in `call'
railties (5.0.2) lib/rails/rack/logger.rb:36:in `call_app'
railties (5.0.2) lib/rails/rack/logger.rb:24:in `block in call'
activesupport (5.0.2) lib/active_support/tagged_logging.rb:69:in `block in tagged'
activesupport (5.0.2) lib/active_support/tagged_logging.rb:26:in `tagged'
activesupport (5.0.2) lib/active_support/tagged_logging.rb:69:in `tagged'
railties (5.0.2) lib/rails/rack/logger.rb:24:in `call'
actionpack (5.0.2) lib/action_dispatch/middleware/request_id.rb:24:in `call'
rack (2.0.1) lib/rack/runtime.rb:22:in `call'
activesupport (5.0.2) lib/active_support/cache/strategy/local_cache_middleware.rb:28:in `call'
actionpack (5.0.2) lib/action_dispatch/middleware/executor.rb:12:in `call'
actionpack (5.0.2) lib/action_dispatch/middleware/static.rb:136:in `call'
rack (2.0.1) lib/rack/sendfile.rb:111:in `call'
railties (5.0.2) lib/rails/engine.rb:522:in `call'
puma (3.8.2) lib/puma/configuration.rb:224:in `call'
puma (3.8.2) lib/puma/server.rb:600:in `handle_request'
puma (3.8.2) lib/puma/server.rb:435:in `process_client'
puma (3.8.2) lib/puma/server.rb:299:in `block in run'
puma (3.8.2) lib/puma/thread_pool.rb:120:in `block in spawn_thread'
Started PATCH "/invoices/id/reject" for 127.0.0.1 at 2017-04-26 22:41:16 -0300
  
ActionController::RoutingError (No route matches [PATCH] "/invoices/id/reject"):
  
actionpack (5.0.2) lib/action_dispatch/middleware/debug_exceptions.rb:53:in `call'
actionpack (5.0.2) lib/action_dispatch/middleware/show_exceptions.rb:31:in `call'
railties (5.0.2) lib/rails/rack/logger.rb:36:in `call_app'
railties (5.0.2) lib/rails/rack/logger.rb:24:in `block in call'
activesupport (5.0.2) lib/active_support/tagged_logging.rb:69:in `block in tagged'
activesupport (5.0.2) lib/active_support/tagged_logging.rb:26:in `tagged'
activesupport (5.0.2) lib/active_support/tagged_logging.rb:69:in `tagged'
railties (5.0.2) lib/rails/rack/logger.rb:24:in `call'
actionpack (5.0.2) lib/action_dispatch/middleware/request_id.rb:24:in `call'
rack (2.0.1) lib/rack/runtime.rb:22:in `call'
activesupport (5.0.2) lib/active_support/cache/strategy/local_cache_middleware.rb:28:in `call'
actionpack (5.0.2) lib/action_dispatch/middleware/executor.rb:12:in `call'
actionpack (5.0.2) lib/action_dispatch/middleware/static.rb:136:in `call'
rack (2.0.1) lib/rack/sendfile.rb:111:in `call'
railties (5.0.2) lib/rails/engine.rb:522:in `call'
puma (3.8.2) lib/puma/configuration.rb:224:in `call'
puma (3.8.2) lib/puma/server.rb:600:in `handle_request'
puma (3.8.2) lib/puma/server.rb:435:in `process_client'
puma (3.8.2) lib/puma/server.rb:299:in `block in run'
puma (3.8.2) lib/puma/thread_pool.rb:120:in `block in spawn_thread'
Started PATCH "/invoices/id/rejected" for 127.0.0.1 at 2017-04-26 22:41:29 -0300
Processing by BillsController#rejected as */*
  Parameters: {"id"=>"id"}
Completed 403 Forbidden in 1ms (Views: 0.4ms | ActiveRecord: 0.0ms)


Started PATCH "/invoices/id/rejected" for 127.0.0.1 at 2017-04-26 22:44:02 -0300
Processing by BillsController#rejected as */*
  Parameters: {"id"=>"id"}
Completed 403 Forbidden in 1ms (Views: 0.4ms | ActiveRecord: 0.0ms)


Started PATCH "/invoices/id/rejected?token=%22%22" for 127.0.0.1 at 2017-04-26 22:44:10 -0300
Processing by BillsController#rejected as */*
  Parameters: {"token"=>"\"\"", "id"=>"id"}
Completed 202 Accepted in 1ms (Views: 0.3ms | ActiveRecord: 0.0ms)


Started PATCH "/invoices/id/acepted?token=%22%22" for 127.0.0.1 at 2017-04-26 22:44:20 -0300
Processing by BillsController#acepted as */*
  Parameters: {"token"=>"\"\"", "id"=>"id"}
Completed 202 Accepted in 1ms (Views: 0.2ms | ActiveRecord: 0.0ms)


